This file contains any messages produced by compilers while
running configure, to aid debugging if configure makes a mistake.

It was created by GNU Awk Bundled Extensions configure 4.1.0, which was
generated by GNU Autoconf 2.69.  Invocation command line was

  $ ./configure --disable-option-checking --prefix=/usr/local --cache-file=/dev/null --srcdir=.

## --------- ##
## Platform. ##
## --------- ##

hostname = pacific
uname -m = x86_64
uname -r = 3.13.0-40-generic
uname -s = Linux
uname -v = #69-Ubuntu SMP Thu Nov 13 17:53:56 UTC 2014

/usr/bin/uname -p = unknown
/bin/uname -X     = unknown

/bin/arch              = unknown
/usr/bin/arch -k       = unknown
/usr/convex/getsysinfo = unknown
/usr/bin/hostinfo      = unknown
/bin/machine           = unknown
/usr/bin/oslevel       = unknown
/bin/universe          = unknown

PATH: /usr/local/sbin
PATH: /usr/local/bin
PATH: /usr/sbin
PATH: /usr/bin
PATH: /sbin
PATH: /bin
PATH: /usr/games
PATH: /usr/local/games


## ----------- ##
## Core tests. ##
## ----------- ##

configure:2365: checking for gcc
configure:2381: found /usr/bin/gcc
configure:2392: result: gcc
configure:2621: checking for C compiler version
configure:2630: gcc --version >&5
gcc-4.8.real (Ubuntu 4.8.2-19ubuntu1) 4.8.2
Copyright (C) 2013 Free Software Foundation, Inc.
This is free software; see the source for copying conditions.  There is NO
warranty; not even for MERCHANTABILITY or FITNESS FOR A PARTICULAR PURPOSE.

configure:2641: $? = 0
configure:2630: gcc -v >&5
Using built-in specs.
COLLECT_GCC=/usr/bin/gcc-4.8.real
COLLECT_LTO_WRAPPER=/usr/lib/gcc/x86_64-linux-gnu/4.8/lto-wrapper
Target: x86_64-linux-gnu
Configured with: ../src/configure -v --with-pkgversion='Ubuntu 4.8.2-19ubuntu1' --with-bugurl=file:///usr/share/doc/gcc-4.8/README.Bugs --enable-languages=c,c++,java,go,d,fortran,objc,obj-c++ --prefix=/usr --program-suffix=-4.8 --enable-shared --enable-linker-build-id --libexecdir=/usr/lib --without-included-gettext --enable-threads=posix --with-gxx-include-dir=/usr/include/c++/4.8 --libdir=/usr/lib --enable-nls --with-sysroot=/ --enable-clocale=gnu --enable-libstdcxx-debug --enable-libstdcxx-time=yes --enable-gnu-unique-object --disable-libmudflap --enable-plugin --with-system-zlib --disable-browser-plugin --enable-java-awt=gtk --enable-gtk-cairo --with-java-home=/usr/lib/jvm/java-1.5.0-gcj-4.8-amd64/jre --enable-java-home --with-jvm-root-dir=/usr/lib/jvm/java-1.5.0-gcj-4.8-amd64 --with-jvm-jar-dir=/usr/lib/jvm-exports/java-1.5.0-gcj-4.8-amd64 --with-arch-directory=amd64 --with-ecj-jar=/usr/share/java/eclipse-ecj.jar --enable-objc-gc --enable-multiarch --disable-werror --with-arch-32=i686 --with-abi=m64 --with-multilib-list=m32,m64,mx32 --with-tune=generic --enable-checking=release --build=x86_64-linux-gnu --host=x86_64-linux-gnu --target=x86_64-linux-gnu
Thread model: posix
gcc version 4.8.2 (Ubuntu 4.8.2-19ubuntu1) 
configure:2641: $? = 0
configure:2630: gcc -V >&5
gcc-4.8.real: error: unrecognized command line option '-V'
gcc-4.8.real: fatal error: no input files
compilation terminated.
configure:2641: $? = 4
configure:2630: gcc -qversion >&5
gcc-4.8.real: error: unrecognized command line option '-qversion'
gcc-4.8.real: fatal error: no input files
compilation terminated.
configure:2641: $? = 4
configure:2661: checking whether the C compiler works
configure:2683: gcc    conftest.c  >&5
configure:2687: $? = 0
configure:2735: result: yes
configure:2738: checking for C compiler default output file name
configure:2740: result: a.out
configure:2746: checking for suffix of executables
configure:2753: gcc -o conftest    conftest.c  >&5
configure:2757: $? = 0
configure:2779: result: 
configure:2801: checking whether we are cross compiling
configure:2809: gcc -o conftest    conftest.c  >&5
configure:2813: $? = 0
configure:2820: ./conftest
configure:2824: $? = 0
configure:2839: result: no
configure:2844: checking for suffix of object files
configure:2866: gcc -c   conftest.c >&5
configure:2870: $? = 0
configure:2891: result: o
configure:2895: checking whether we are using the GNU C compiler
configure:2914: gcc -c   conftest.c >&5
configure:2914: $? = 0
configure:2923: result: yes
configure:2932: checking whether gcc accepts -g
configure:2952: gcc -c -g  conftest.c >&5
configure:2952: $? = 0
configure:2993: result: yes
configure:3010: checking for gcc option to accept ISO C89
configure:3073: gcc  -c -g -O2  conftest.c >&5
configure:3073: $? = 0
configure:3086: result: none needed
configure:3112: checking how to run the C preprocessor
configure:3143: gcc -E  conftest.c
configure:3143: $? = 0
configure:3157: gcc -E  conftest.c
conftest.c:9:28: fatal error: ac_nonexistent.h: No such file or directory
 #include <ac_nonexistent.h>
                            ^
compilation terminated.
configure:3157: $? = 1
configure: failed program was:
| /* confdefs.h */
| #define PACKAGE_NAME "GNU Awk Bundled Extensions"
| #define PACKAGE_TARNAME "gawk-extensions"
| #define PACKAGE_VERSION "4.1.0"
| #define PACKAGE_STRING "GNU Awk Bundled Extensions 4.1.0"
| #define PACKAGE_BUGREPORT "bug-gawk@gnu.org"
| #define PACKAGE_URL "http://www.gnu.org/software/gawk-extensions/"
| /* end confdefs.h.  */
| #include <ac_nonexistent.h>
configure:3182: result: gcc -E
configure:3202: gcc -E  conftest.c
configure:3202: $? = 0
configure:3216: gcc -E  conftest.c
conftest.c:9:28: fatal error: ac_nonexistent.h: No such file or directory
 #include <ac_nonexistent.h>
                            ^
compilation terminated.
configure:3216: $? = 1
configure: failed program was:
| /* confdefs.h */
| #define PACKAGE_NAME "GNU Awk Bundled Extensions"
| #define PACKAGE_TARNAME "gawk-extensions"
| #define PACKAGE_VERSION "4.1.0"
| #define PACKAGE_STRING "GNU Awk Bundled Extensions 4.1.0"
| #define PACKAGE_BUGREPORT "bug-gawk@gnu.org"
| #define PACKAGE_URL "http://www.gnu.org/software/gawk-extensions/"
| /* end confdefs.h.  */
| #include <ac_nonexistent.h>
configure:3245: checking for grep that handles long lines and -e
configure:3303: result: /bin/grep
configure:3308: checking for egrep
configure:3370: result: /bin/grep -E
configure:3375: checking for ANSI C header files
configure:3395: gcc -c -g -O2  conftest.c >&5
configure:3395: $? = 0
configure:3468: gcc -o conftest -g -O2   conftest.c  >&5
configure:3468: $? = 0
configure:3468: ./conftest
configure:3468: $? = 0
configure:3479: result: yes
configure:3492: checking for sys/types.h
configure:3492: gcc -c -g -O2  conftest.c >&5
configure:3492: $? = 0
configure:3492: result: yes
configure:3492: checking for sys/stat.h
configure:3492: gcc -c -g -O2  conftest.c >&5
configure:3492: $? = 0
configure:3492: result: yes
configure:3492: checking for stdlib.h
configure:3492: gcc -c -g -O2  conftest.c >&5
configure:3492: $? = 0
configure:3492: result: yes
configure:3492: checking for string.h
configure:3492: gcc -c -g -O2  conftest.c >&5
configure:3492: $? = 0
configure:3492: result: yes
configure:3492: checking for memory.h
configure:3492: gcc -c -g -O2  conftest.c >&5
configure:3492: $? = 0
configure:3492: result: yes
configure:3492: checking for strings.h
configure:3492: gcc -c -g -O2  conftest.c >&5
configure:3492: $? = 0
configure:3492: result: yes
configure:3492: checking for inttypes.h
configure:3492: gcc -c -g -O2  conftest.c >&5
configure:3492: $? = 0
configure:3492: result: yes
configure:3492: checking for stdint.h
configure:3492: gcc -c -g -O2  conftest.c >&5
configure:3492: $? = 0
configure:3492: result: yes
configure:3492: checking for unistd.h
configure:3492: gcc -c -g -O2  conftest.c >&5
configure:3492: $? = 0
configure:3492: result: yes
configure:3505: checking minix/config.h usability
configure:3505: gcc -c -g -O2  conftest.c >&5
conftest.c:52:26: fatal error: minix/config.h: No such file or directory
 #include <minix/config.h>
                          ^
compilation terminated.
configure:3505: $? = 1
configure: failed program was:
| /* confdefs.h */
| #define PACKAGE_NAME "GNU Awk Bundled Extensions"
| #define PACKAGE_TARNAME "gawk-extensions"
| #define PACKAGE_VERSION "4.1.0"
| #define PACKAGE_STRING "GNU Awk Bundled Extensions 4.1.0"
| #define PACKAGE_BUGREPORT "bug-gawk@gnu.org"
| #define PACKAGE_URL "http://www.gnu.org/software/gawk-extensions/"
| #define STDC_HEADERS 1
| #define HAVE_SYS_TYPES_H 1
| #define HAVE_SYS_STAT_H 1
| #define HAVE_STDLIB_H 1
| #define HAVE_STRING_H 1
| #define HAVE_MEMORY_H 1
| #define HAVE_STRINGS_H 1
| #define HAVE_INTTYPES_H 1
| #define HAVE_STDINT_H 1
| #define HAVE_UNISTD_H 1
| /* end confdefs.h.  */
| #include <stdio.h>
| #ifdef HAVE_SYS_TYPES_H
| # include <sys/types.h>
| #endif
| #ifdef HAVE_SYS_STAT_H
| # include <sys/stat.h>
| #endif
| #ifdef STDC_HEADERS
| # include <stdlib.h>
| # include <stddef.h>
| #else
| # ifdef HAVE_STDLIB_H
| #  include <stdlib.h>
| # endif
| #endif
| #ifdef HAVE_STRING_H
| # if !defined STDC_HEADERS && defined HAVE_MEMORY_H
| #  include <memory.h>
| # endif
| # include <string.h>
| #endif
| #ifdef HAVE_STRINGS_H
| # include <strings.h>
| #endif
| #ifdef HAVE_INTTYPES_H
| # include <inttypes.h>
| #endif
| #ifdef HAVE_STDINT_H
| # include <stdint.h>
| #endif
| #ifdef HAVE_UNISTD_H
| # include <unistd.h>
| #endif
| #include <minix/config.h>
configure:3505: result: no
configure:3505: checking minix/config.h presence
configure:3505: gcc -E  conftest.c
conftest.c:19:26: fatal error: minix/config.h: No such file or directory
 #include <minix/config.h>
                          ^
compilation terminated.
configure:3505: $? = 1
configure: failed program was:
| /* confdefs.h */
| #define PACKAGE_NAME "GNU Awk Bundled Extensions"
| #define PACKAGE_TARNAME "gawk-extensions"
| #define PACKAGE_VERSION "4.1.0"
| #define PACKAGE_STRING "GNU Awk Bundled Extensions 4.1.0"
| #define PACKAGE_BUGREPORT "bug-gawk@gnu.org"
| #define PACKAGE_URL "http://www.gnu.org/software/gawk-extensions/"
| #define STDC_HEADERS 1
| #define HAVE_SYS_TYPES_H 1
| #define HAVE_SYS_STAT_H 1
| #define HAVE_STDLIB_H 1
| #define HAVE_STRING_H 1
| #define HAVE_MEMORY_H 1
| #define HAVE_STRINGS_H 1
| #define HAVE_INTTYPES_H 1
| #define HAVE_STDINT_H 1
| #define HAVE_UNISTD_H 1
| /* end confdefs.h.  */
| #include <minix/config.h>
configure:3505: result: no
configure:3505: checking for minix/config.h
configure:3505: result: no
configure:3526: checking whether it is safe to define __EXTENSIONS__
configure:3544: gcc -c -g -O2  conftest.c >&5
configure:3544: $? = 0
configure:3551: result: yes
configure:3585: checking for a BSD-compatible install
configure:3653: result: build-aux/install-sh -c
configure:3664: checking whether build environment is sane
configure:3719: result: yes
configure:3870: checking for a thread-safe mkdir -p
configure:3909: result: /bin/mkdir -p
configure:3916: checking for gawk
configure:3932: found /usr/bin/gawk
configure:3943: result: gawk
configure:3954: checking whether make sets $(MAKE)
configure:3976: result: yes
configure:4006: checking for style of include used by make
configure:4034: result: GNU
configure:4068: checking whether make supports nested variables
configure:4085: result: yes
configure:4165: checking dependency style of gcc
configure:4276: result: gcc3
configure:4294: checking whether NLS is requested
configure:4303: result: yes
configure:4344: checking for msgfmt
configure: trying /usr/bin/msgfmt...
0 translated messages.
configure:4376: result: /usr/bin/msgfmt
configure:4385: checking for gmsgfmt
configure:4416: result: /usr/bin/msgfmt
configure:4467: checking for xgettext
configure: trying /usr/bin/xgettext...
/usr/bin/xgettext: warning: file '/dev/null' extension '' is unknown; will try C
configure:4499: result: /usr/bin/xgettext
configure:4545: checking for msgmerge
configure: trying /usr/bin/msgmerge...
configure:4576: result: /usr/bin/msgmerge
configure:4613: checking build system type
configure:4627: result: x86_64-unknown-linux-gnu
configure:4647: checking host system type
configure:4660: result: x86_64-unknown-linux-gnu
configure:4704: checking for ld used by GCC
configure:4768: result: /usr/bin/ld
configure:4775: checking if the linker (/usr/bin/ld) is GNU ld
configure:4788: result: yes
configure:4795: checking for shared library run path origin
configure:4808: result: done
configure:5380: checking for CFPreferencesCopyAppValue
configure:5398: gcc -o conftest -g -O2   conftest.c  -Wl,-framework -Wl,CoreFoundation >&5
conftest.c:26:42: fatal error: CoreFoundation/CFPreferences.h: No such file or directory
 #include <CoreFoundation/CFPreferences.h>
                                          ^
compilation terminated.
configure:5398: $? = 1
configure: failed program was:
| /* confdefs.h */
| #define PACKAGE_NAME "GNU Awk Bundled Extensions"
| #define PACKAGE_TARNAME "gawk-extensions"
| #define PACKAGE_VERSION "4.1.0"
| #define PACKAGE_STRING "GNU Awk Bundled Extensions 4.1.0"
| #define PACKAGE_BUGREPORT "bug-gawk@gnu.org"
| #define PACKAGE_URL "http://www.gnu.org/software/gawk-extensions/"
| #define STDC_HEADERS 1
| #define HAVE_SYS_TYPES_H 1
| #define HAVE_SYS_STAT_H 1
| #define HAVE_STDLIB_H 1
| #define HAVE_STRING_H 1
| #define HAVE_MEMORY_H 1
| #define HAVE_STRINGS_H 1
| #define HAVE_INTTYPES_H 1
| #define HAVE_STDINT_H 1
| #define HAVE_UNISTD_H 1
| #define __EXTENSIONS__ 1
| #define _ALL_SOURCE 1
| #define _GNU_SOURCE 1
| #define _POSIX_PTHREAD_SEMANTICS 1
| #define _TANDEM_SOURCE 1
| #define PACKAGE "gawk-extensions"
| #define VERSION "4.1.0"
| /* end confdefs.h.  */
| #include <CoreFoundation/CFPreferences.h>
| int
| main ()
| {
| CFPreferencesCopyAppValue(NULL, NULL)
|   ;
|   return 0;
| }
configure:5407: result: no
configure:5414: checking for CFLocaleCopyCurrent
configure:5432: gcc -o conftest -g -O2   conftest.c  -Wl,-framework -Wl,CoreFoundation >&5
conftest.c:26:37: fatal error: CoreFoundation/CFLocale.h: No such file or directory
 #include <CoreFoundation/CFLocale.h>
                                     ^
compilation terminated.
configure:5432: $? = 1
configure: failed program was:
| /* confdefs.h */
| #define PACKAGE_NAME "GNU Awk Bundled Extensions"
| #define PACKAGE_TARNAME "gawk-extensions"
| #define PACKAGE_VERSION "4.1.0"
| #define PACKAGE_STRING "GNU Awk Bundled Extensions 4.1.0"
| #define PACKAGE_BUGREPORT "bug-gawk@gnu.org"
| #define PACKAGE_URL "http://www.gnu.org/software/gawk-extensions/"
| #define STDC_HEADERS 1
| #define HAVE_SYS_TYPES_H 1
| #define HAVE_SYS_STAT_H 1
| #define HAVE_STDLIB_H 1
| #define HAVE_STRING_H 1
| #define HAVE_MEMORY_H 1
| #define HAVE_STRINGS_H 1
| #define HAVE_INTTYPES_H 1
| #define HAVE_STDINT_H 1
| #define HAVE_UNISTD_H 1
| #define __EXTENSIONS__ 1
| #define _ALL_SOURCE 1
| #define _GNU_SOURCE 1
| #define _POSIX_PTHREAD_SEMANTICS 1
| #define _TANDEM_SOURCE 1
| #define PACKAGE "gawk-extensions"
| #define VERSION "4.1.0"
| /* end confdefs.h.  */
| #include <CoreFoundation/CFLocale.h>
| int
| main ()
| {
| CFLocaleCopyCurrent();
|   ;
|   return 0;
| }
configure:5441: result: no
configure:5490: checking for GNU gettext in libc
configure:5510: gcc -o conftest -g -O2   conftest.c  >&5
configure:5510: $? = 0
configure:5519: result: yes
configure:6310: checking whether to use NLS
configure:6312: result: yes
configure:6315: checking where the gettext function comes from
configure:6326: result: libc
configure:6435: checking for ar
configure:6451: found /usr/bin/ar
configure:6462: result: ar
configure:6488: checking the archiver (ar) interface
configure:6498: gcc -c -g -O2  conftest.c >&5
configure:6498: $? = 0
configure:6500: ar cru libconftest.a conftest.o >&5
configure:6503: $? = 0
configure:6526: result: ar
configure:6553: checking for special C compiler options needed for large files
configure:6598: result: no
configure:6604: checking for _FILE_OFFSET_BITS value needed for large files
configure:6629: gcc -c -g -O2  conftest.c >&5
configure:6629: $? = 0
configure:6661: result: no
configure:6823: checking how to print strings
configure:6850: result: printf
configure:6871: checking for a sed that does not truncate output
configure:6935: result: /bin/sed
configure:6953: checking for fgrep
configure:7015: result: /bin/grep -F
configure:7050: checking for ld used by gcc
configure:7117: result: /usr/bin/ld
configure:7124: checking if the linker (/usr/bin/ld) is GNU ld
configure:7139: result: yes
configure:7151: checking for BSD- or MS-compatible name lister (nm)
configure:7200: result: /usr/bin/nm -B
configure:7330: checking the name lister (/usr/bin/nm -B) interface
configure:7337: gcc -c -g -O2  conftest.c >&5
configure:7340: /usr/bin/nm -B "conftest.o"
configure:7343: output
0000000000000000 B some_variable
configure:7350: result: BSD nm
configure:7353: checking whether ln -s works
configure:7357: result: yes
configure:7365: checking the maximum length of command line arguments
configure:7495: result: 1572864
configure:7512: checking whether the shell understands some XSI constructs
configure:7522: result: yes
configure:7526: checking whether the shell understands "+="
configure:7532: result: yes
configure:7567: checking how to convert x86_64-unknown-linux-gnu file names to x86_64-unknown-linux-gnu format
configure:7607: result: func_convert_file_noop
configure:7614: checking how to convert x86_64-unknown-linux-gnu file names to toolchain format
configure:7634: result: func_convert_file_noop
configure:7641: checking for /usr/bin/ld option to reload object files
configure:7648: result: -r
configure:7722: checking for objdump
configure:7738: found /usr/bin/objdump
configure:7749: result: objdump
configure:7781: checking how to recognize dependent libraries
configure:7983: result: pass_all
configure:8068: checking for dlltool
configure:8098: result: no
configure:8128: checking how to associate runtime and link libraries
configure:8155: result: printf %s\n
configure:8279: checking for archiver @FILE support
configure:8296: gcc -c -g -O2  conftest.c >&5
configure:8296: $? = 0
configure:8299: ar cru libconftest.a @conftest.lst >&5
configure:8302: $? = 0
configure:8307: ar cru libconftest.a @conftest.lst >&5
ar: conftest.o: No such file or directory
configure:8310: $? = 1
configure:8322: result: @
configure:8380: checking for strip
configure:8396: found /usr/bin/strip
configure:8407: result: strip
configure:8479: checking for ranlib
configure:8495: found /usr/bin/ranlib
configure:8506: result: ranlib
configure:8608: checking command to parse /usr/bin/nm -B output from gcc object
configure:8728: gcc -c -g -O2  conftest.c >&5
configure:8731: $? = 0
configure:8735: /usr/bin/nm -B conftest.o \| sed -n -e 's/^.*[ ]\([ABCDGIRSTW][ABCDGIRSTW]*\)[ ][ ]*\([_A-Za-z][_A-Za-z0-9]*\)$/\1 \2 \2/p' | sed '/ __gnu_lto/d' \> conftest.nm
configure:8738: $? = 0
configure:8804: gcc -o conftest -g -O2   conftest.c conftstm.o >&5
configure:8807: $? = 0
configure:8845: result: ok
configure:8882: checking for sysroot
configure:8912: result: no
configure:8989: gcc -c -g -O2  conftest.c >&5
configure:8992: $? = 0
configure:9168: checking for mt
configure:9184: found /bin/mt
configure:9195: result: mt
configure:9218: checking if mt is a manifest tool
configure:9224: mt '-?'
configure:9232: result: no
configure:9871: checking for dlfcn.h
configure:9871: gcc -c -g -O2  conftest.c >&5
configure:9871: $? = 0
configure:9871: result: yes
configure:10047: checking for objdir
configure:10062: result: .libs
configure:10333: checking if gcc supports -fno-rtti -fno-exceptions
configure:10351: gcc -c -g -O2  -fno-rtti -fno-exceptions conftest.c >&5
cc1: warning: command line option '-fno-rtti' is valid for C++/ObjC++ but not for C [enabled by default]
configure:10355: $? = 0
configure:10368: result: no
configure:10695: checking for gcc option to produce PIC
configure:10702: result: -fPIC -DPIC
configure:10710: checking if gcc PIC flag -fPIC -DPIC works
configure:10728: gcc -c -g -O2  -fPIC -DPIC -DPIC conftest.c >&5
configure:10732: $? = 0
configure:10745: result: yes
configure:10774: checking if gcc static flag -static works
configure:10802: result: yes
configure:10817: checking if gcc supports -c -o file.o
configure:10838: gcc -c -g -O2  -o out/conftest2.o conftest.c >&5
configure:10842: $? = 0
configure:10864: result: yes
configure:10872: checking if gcc supports -c -o file.o
configure:10919: result: yes
configure:10952: checking whether the gcc linker (/usr/bin/ld -m elf_x86_64) supports shared libraries
configure:12105: result: yes
configure:12142: checking whether -lc should be explicitly linked in
configure:12150: gcc -c -g -O2  conftest.c >&5
configure:12153: $? = 0
configure:12168: gcc -shared  -fPIC -DPIC conftest.o  -v -Wl,-soname -Wl,conftest -o conftest 2\>\&1 \| /bin/grep  -lc  \>/dev/null 2\>\&1
configure:12171: $? = 0
configure:12185: result: no
configure:12345: checking dynamic linker characteristics
configure:12856: gcc -o conftest -g -O2   -Wl,-rpath -Wl,/foo conftest.c  >&5
configure:12856: $? = 0
configure:13082: result: GNU/Linux ld.so
configure:13189: checking how to hardcode library paths into programs
configure:13214: result: immediate
configure:13754: checking whether stripping libraries is possible
configure:13759: result: yes
configure:13794: checking if libtool supports shared libraries
configure:13796: result: yes
configure:13799: checking whether to build shared libraries
configure:13820: result: yes
configure:13823: checking whether to build static libraries
configure:13827: result: no
configure:13873: checking for special development options
configure:13884: result: no
configure:13891: checking dirent.h usability
configure:13891: gcc -c -g -O2 -Wall -Wextra  conftest.c >&5
configure:13891: $? = 0
configure:13891: result: yes
configure:13891: checking dirent.h presence
configure:13891: gcc -E  conftest.c
configure:13891: $? = 0
configure:13891: result: yes
configure:13891: checking for dirent.h
configure:13891: result: yes
configure:13891: checking fnmatch.h usability
configure:13891: gcc -c -g -O2 -Wall -Wextra  conftest.c >&5
configure:13891: $? = 0
configure:13891: result: yes
configure:13891: checking fnmatch.h presence
configure:13891: gcc -E  conftest.c
configure:13891: $? = 0
configure:13891: result: yes
configure:13891: checking for fnmatch.h
configure:13891: result: yes
configure:13891: checking time.h usability
configure:13891: gcc -c -g -O2 -Wall -Wextra  conftest.c >&5
configure:13891: $? = 0
configure:13891: result: yes
configure:13891: checking time.h presence
configure:13891: gcc -E  conftest.c
configure:13891: $? = 0
configure:13891: result: yes
configure:13891: checking for time.h
configure:13891: result: yes
configure:13891: checking sys/time.h usability
configure:13891: gcc -c -g -O2 -Wall -Wextra  conftest.c >&5
configure:13891: $? = 0
configure:13891: result: yes
configure:13891: checking sys/time.h presence
configure:13891: gcc -E  conftest.c
configure:13891: $? = 0
configure:13891: result: yes
configure:13891: checking for sys/time.h
configure:13891: result: yes
configure:13891: checking sys/select.h usability
configure:13891: gcc -c -g -O2 -Wall -Wextra  conftest.c >&5
configure:13891: $? = 0
configure:13891: result: yes
configure:13891: checking sys/select.h presence
configure:13891: gcc -E  conftest.c
configure:13891: $? = 0
configure:13891: result: yes
configure:13891: checking for sys/select.h
configure:13891: result: yes
configure:13906: checking for fdopendir
configure:13906: gcc -o conftest -g -O2 -Wall -Wextra   conftest.c  >&5
configure:13906: $? = 0
configure:13906: result: yes
configure:13906: checking for fnmatch
configure:13906: gcc -o conftest -g -O2 -Wall -Wextra   conftest.c  >&5
configure:13906: $? = 0
configure:13906: result: yes
configure:13906: checking for gettimeofday
configure:13906: gcc -o conftest -g -O2 -Wall -Wextra   conftest.c  >&5
configure:13906: $? = 0
configure:13906: result: yes
configure:13906: checking for getdtablesize
configure:13906: gcc -o conftest -g -O2 -Wall -Wextra   conftest.c  >&5
configure:13906: $? = 0
configure:13906: result: yes
configure:13906: checking for nanosleep
configure:13906: gcc -o conftest -g -O2 -Wall -Wextra   conftest.c  >&5
configure:13906: $? = 0
configure:13906: result: yes
configure:13906: checking for select
configure:13906: gcc -o conftest -g -O2 -Wall -Wextra   conftest.c  >&5
configure:13906: $? = 0
configure:13906: result: yes
configure:13906: checking for GetSystemTimeAsFileTime
configure:13906: gcc -o conftest -g -O2 -Wall -Wextra   conftest.c  >&5
/tmp/cckgXLk8.o: In function `main':
/home/localadmin/programs/myga/gawk/src/extension/conftest.c:76: undefined reference to `GetSystemTimeAsFileTime'
collect2: error: ld returned 1 exit status
configure:13906: $? = 1
configure: failed program was:
| /* confdefs.h */
| #define PACKAGE_NAME "GNU Awk Bundled Extensions"
| #define PACKAGE_TARNAME "gawk-extensions"
| #define PACKAGE_VERSION "4.1.0"
| #define PACKAGE_STRING "GNU Awk Bundled Extensions 4.1.0"
| #define PACKAGE_BUGREPORT "bug-gawk@gnu.org"
| #define PACKAGE_URL "http://www.gnu.org/software/gawk-extensions/"
| #define STDC_HEADERS 1
| #define HAVE_SYS_TYPES_H 1
| #define HAVE_SYS_STAT_H 1
| #define HAVE_STDLIB_H 1
| #define HAVE_STRING_H 1
| #define HAVE_MEMORY_H 1
| #define HAVE_STRINGS_H 1
| #define HAVE_INTTYPES_H 1
| #define HAVE_STDINT_H 1
| #define HAVE_UNISTD_H 1
| #define __EXTENSIONS__ 1
| #define _ALL_SOURCE 1
| #define _GNU_SOURCE 1
| #define _POSIX_PTHREAD_SEMANTICS 1
| #define _TANDEM_SOURCE 1
| #define PACKAGE "gawk-extensions"
| #define VERSION "4.1.0"
| #define ENABLE_NLS 1
| #define HAVE_GETTEXT 1
| #define HAVE_DCGETTEXT 1
| #define HAVE_DLFCN_H 1
| #define LT_OBJDIR ".libs/"
| #define HAVE_DIRENT_H 1
| #define HAVE_FNMATCH_H 1
| #define HAVE_TIME_H 1
| #define HAVE_SYS_TIME_H 1
| #define HAVE_SYS_SELECT_H 1
| #define HAVE_FDOPENDIR 1
| #define HAVE_FNMATCH 1
| #define HAVE_GETTIMEOFDAY 1
| #define HAVE_GETDTABLESIZE 1
| #define HAVE_NANOSLEEP 1
| #define HAVE_SELECT 1
| /* end confdefs.h.  */
| /* Define GetSystemTimeAsFileTime to an innocuous variant, in case <limits.h> declares GetSystemTimeAsFileTime.
|    For example, HP-UX 11i <limits.h> declares gettimeofday.  */
| #define GetSystemTimeAsFileTime innocuous_GetSystemTimeAsFileTime
| 
| /* System header to define __stub macros and hopefully few prototypes,
|     which can conflict with char GetSystemTimeAsFileTime (); below.
|     Prefer <limits.h> to <assert.h> if __STDC__ is defined, since
|     <limits.h> exists even on freestanding compilers.  */
| 
| #ifdef __STDC__
| # include <limits.h>
| #else
| # include <assert.h>
| #endif
| 
| #undef GetSystemTimeAsFileTime
| 
| /* Override any GCC internal prototype to avoid an error.
|    Use char because int might match the return type of a GCC
|    builtin and then its argument prototype would still apply.  */
| #ifdef __cplusplus
| extern "C"
| #endif
| char GetSystemTimeAsFileTime ();
| /* The GNU C library defines this for functions which it implements
|     to always fail with ENOSYS.  Some functions are actually named
|     something starting with __ and the normal name is an alias.  */
| #if defined __stub_GetSystemTimeAsFileTime || defined __stub___GetSystemTimeAsFileTime
| choke me
| #endif
| 
| int
| main ()
| {
| return GetSystemTimeAsFileTime ();
|   ;
|   return 0;
| }
configure:13906: result: no
configure:13922: checking for dirfd
configure:13922: gcc -o conftest -g -O2 -Wall -Wextra   conftest.c  >&5
configure:13922: $? = 0
configure:13922: result: yes
configure:13931: checking whether dirfd is declared
configure:13931: gcc -c -g -O2 -Wall -Wextra  conftest.c >&5
configure:13931: $? = 0
configure:13931: result: yes
configure:13948: checking whether dirfd is a macro
configure:13971: result: no
configure:13983: checking how to get the file descriptor associated with an open DIR*
configure:14006: gcc -c -g -O2 -Wall -Wextra -DDIR_FD_MEMBER_NAME=d_fd  conftest.c >&5
conftest.c: In function 'main':
conftest.c:50:40: error: dereferencing pointer to incomplete type
 DIR *dir_p = opendir("."); (void) dir_p->DIR_FD_MEMBER_NAME;
                                        ^
configure:14006: $? = 1
configure: failed program was:
| /* confdefs.h */
| #define PACKAGE_NAME "GNU Awk Bundled Extensions"
| #define PACKAGE_TARNAME "gawk-extensions"
| #define PACKAGE_VERSION "4.1.0"
| #define PACKAGE_STRING "GNU Awk Bundled Extensions 4.1.0"
| #define PACKAGE_BUGREPORT "bug-gawk@gnu.org"
| #define PACKAGE_URL "http://www.gnu.org/software/gawk-extensions/"
| #define STDC_HEADERS 1
| #define HAVE_SYS_TYPES_H 1
| #define HAVE_SYS_STAT_H 1
| #define HAVE_STDLIB_H 1
| #define HAVE_STRING_H 1
| #define HAVE_MEMORY_H 1
| #define HAVE_STRINGS_H 1
| #define HAVE_INTTYPES_H 1
| #define HAVE_STDINT_H 1
| #define HAVE_UNISTD_H 1
| #define __EXTENSIONS__ 1
| #define _ALL_SOURCE 1
| #define _GNU_SOURCE 1
| #define _POSIX_PTHREAD_SEMANTICS 1
| #define _TANDEM_SOURCE 1
| #define PACKAGE "gawk-extensions"
| #define VERSION "4.1.0"
| #define ENABLE_NLS 1
| #define HAVE_GETTEXT 1
| #define HAVE_DCGETTEXT 1
| #define HAVE_DLFCN_H 1
| #define LT_OBJDIR ".libs/"
| #define HAVE_DIRENT_H 1
| #define HAVE_FNMATCH_H 1
| #define HAVE_TIME_H 1
| #define HAVE_SYS_TIME_H 1
| #define HAVE_SYS_SELECT_H 1
| #define HAVE_FDOPENDIR 1
| #define HAVE_FNMATCH 1
| #define HAVE_GETTIMEOFDAY 1
| #define HAVE_GETDTABLESIZE 1
| #define HAVE_NANOSLEEP 1
| #define HAVE_SELECT 1
| #define HAVE_DIRFD 1
| #define HAVE_DECL_DIRFD 1
| /* end confdefs.h.  */
| 
|            #include <sys/types.h>
|            #include <dirent.h>
| int
| main ()
| {
| DIR *dir_p = opendir("."); (void) dir_p->DIR_FD_MEMBER_NAME;
|   ;
|   return 0;
| }
configure:14006: gcc -c -g -O2 -Wall -Wextra -DDIR_FD_MEMBER_NAME=dd_fd  conftest.c >&5
conftest.c: In function 'main':
conftest.c:50:40: error: dereferencing pointer to incomplete type
 DIR *dir_p = opendir("."); (void) dir_p->DIR_FD_MEMBER_NAME;
                                        ^
configure:14006: $? = 1
configure: failed program was:
| /* confdefs.h */
| #define PACKAGE_NAME "GNU Awk Bundled Extensions"
| #define PACKAGE_TARNAME "gawk-extensions"
| #define PACKAGE_VERSION "4.1.0"
| #define PACKAGE_STRING "GNU Awk Bundled Extensions 4.1.0"
| #define PACKAGE_BUGREPORT "bug-gawk@gnu.org"
| #define PACKAGE_URL "http://www.gnu.org/software/gawk-extensions/"
| #define STDC_HEADERS 1
| #define HAVE_SYS_TYPES_H 1
| #define HAVE_SYS_STAT_H 1
| #define HAVE_STDLIB_H 1
| #define HAVE_STRING_H 1
| #define HAVE_MEMORY_H 1
| #define HAVE_STRINGS_H 1
| #define HAVE_INTTYPES_H 1
| #define HAVE_STDINT_H 1
| #define HAVE_UNISTD_H 1
| #define __EXTENSIONS__ 1
| #define _ALL_SOURCE 1
| #define _GNU_SOURCE 1
| #define _POSIX_PTHREAD_SEMANTICS 1
| #define _TANDEM_SOURCE 1
| #define PACKAGE "gawk-extensions"
| #define VERSION "4.1.0"
| #define ENABLE_NLS 1
| #define HAVE_GETTEXT 1
| #define HAVE_DCGETTEXT 1
| #define HAVE_DLFCN_H 1
| #define LT_OBJDIR ".libs/"
| #define HAVE_DIRENT_H 1
| #define HAVE_FNMATCH_H 1
| #define HAVE_TIME_H 1
| #define HAVE_SYS_TIME_H 1
| #define HAVE_SYS_SELECT_H 1
| #define HAVE_FDOPENDIR 1
| #define HAVE_FNMATCH 1
| #define HAVE_GETTIMEOFDAY 1
| #define HAVE_GETDTABLESIZE 1
| #define HAVE_NANOSLEEP 1
| #define HAVE_SELECT 1
| #define HAVE_DIRFD 1
| #define HAVE_DECL_DIRFD 1
| /* end confdefs.h.  */
| 
|            #include <sys/types.h>
|            #include <dirent.h>
| int
| main ()
| {
| DIR *dir_p = opendir("."); (void) dir_p->DIR_FD_MEMBER_NAME;
|   ;
|   return 0;
| }
configure:14020: result: no_such_member
configure:14032: checking for inline
configure:14048: gcc -c -g -O2 -Wall -Wextra  conftest.c >&5
configure:14048: $? = 0
configure:14056: result: inline
configure:14190: checking that generated files are newer than configure
configure:14196: result: done
configure:14219: creating ./config.status

## ---------------------- ##
## Running config.status. ##
## ---------------------- ##

This file was extended by GNU Awk Bundled Extensions config.status 4.1.0, which was
generated by GNU Autoconf 2.69.  Invocation command line was

  CONFIG_FILES    = 
  CONFIG_HEADERS  = 
  CONFIG_LINKS    = 
  CONFIG_COMMANDS = 
  $ ./config.status 

on pacific

config.status:1131: creating Makefile
config.status:1131: creating config.h
config.status:1312: config.h is unchanged
config.status:1360: executing depfiles commands
config.status:1360: executing po-directories commands
config.status:1360: executing libtool commands
config.status:1360: executing default-1 commands

## ---------------- ##
## Cache variables. ##
## ---------------- ##

ac_cv_build=x86_64-unknown-linux-gnu
ac_cv_c_compiler_gnu=yes
ac_cv_c_inline=inline
ac_cv_env_CC_set=
ac_cv_env_CC_value=
ac_cv_env_CFLAGS_set=
ac_cv_env_CFLAGS_value=
ac_cv_env_CPPFLAGS_set=
ac_cv_env_CPPFLAGS_value=
ac_cv_env_CPP_set=
ac_cv_env_CPP_value=
ac_cv_env_LDFLAGS_set=
ac_cv_env_LDFLAGS_value=
ac_cv_env_LIBS_set=
ac_cv_env_LIBS_value=
ac_cv_env_build_alias_set=
ac_cv_env_build_alias_value=
ac_cv_env_host_alias_set=
ac_cv_env_host_alias_value=
ac_cv_env_target_alias_set=
ac_cv_env_target_alias_value=
ac_cv_func_GetSystemTimeAsFileTime=no
ac_cv_func_dirfd=yes
ac_cv_func_fdopendir=yes
ac_cv_func_fnmatch=yes
ac_cv_func_getdtablesize=yes
ac_cv_func_gettimeofday=yes
ac_cv_func_nanosleep=yes
ac_cv_func_select=yes
ac_cv_have_decl_dirfd=yes
ac_cv_header_dirent_h=yes
ac_cv_header_dlfcn_h=yes
ac_cv_header_fnmatch_h=yes
ac_cv_header_inttypes_h=yes
ac_cv_header_memory_h=yes
ac_cv_header_minix_config_h=no
ac_cv_header_stdc=yes
ac_cv_header_stdint_h=yes
ac_cv_header_stdlib_h=yes
ac_cv_header_string_h=yes
ac_cv_header_strings_h=yes
ac_cv_header_sys_select_h=yes
ac_cv_header_sys_stat_h=yes
ac_cv_header_sys_time_h=yes
ac_cv_header_sys_types_h=yes
ac_cv_header_time_h=yes
ac_cv_header_unistd_h=yes
ac_cv_host=x86_64-unknown-linux-gnu
ac_cv_objext=o
ac_cv_path_EGREP='/bin/grep -E'
ac_cv_path_FGREP='/bin/grep -F'
ac_cv_path_GMSGFMT=/usr/bin/msgfmt
ac_cv_path_GREP=/bin/grep
ac_cv_path_MSGFMT=/usr/bin/msgfmt
ac_cv_path_MSGMERGE=/usr/bin/msgmerge
ac_cv_path_SED=/bin/sed
ac_cv_path_XGETTEXT=/usr/bin/xgettext
ac_cv_path_mkdir=/bin/mkdir
ac_cv_prog_AWK=gawk
ac_cv_prog_CPP='gcc -E'
ac_cv_prog_ac_ct_AR=ar
ac_cv_prog_ac_ct_CC=gcc
ac_cv_prog_ac_ct_MANIFEST_TOOL=mt
ac_cv_prog_ac_ct_OBJDUMP=objdump
ac_cv_prog_ac_ct_RANLIB=ranlib
ac_cv_prog_ac_ct_STRIP=strip
ac_cv_prog_cc_c89=
ac_cv_prog_cc_g=yes
ac_cv_prog_make_make_set=yes
ac_cv_safe_to_define___extensions__=yes
ac_cv_sys_file_offset_bits=no
ac_cv_sys_largefile_CC=no
acl_cv_hardcode_direct=no
acl_cv_hardcode_libdir_flag_spec='${wl}-rpath ${wl}$libdir'
acl_cv_hardcode_libdir_separator=
acl_cv_hardcode_minus_L=no
acl_cv_libext=a
acl_cv_libname_spec='lib$name'
acl_cv_library_names_spec='$libname$shrext'
acl_cv_path_LD=/usr/bin/ld
acl_cv_prog_gnu_ld=yes
acl_cv_rpath=done
acl_cv_shlibext=so
acl_cv_wl=-Wl,
am_cv_CC_dependencies_compiler_type=gcc3
am_cv_ar_interface=ar
am_cv_make_support_nested_variables=yes
gl_cv_func_dirfd_macro=no
gl_cv_sys_dir_fd_member_name=no_such_member
gt_cv_func_CFLocaleCopyCurrent=no
gt_cv_func_CFPreferencesCopyAppValue=no
gt_cv_func_gnugettext1_libc=yes
lt_cv_ar_at_file=@
lt_cv_archive_cmds_need_lc=no
lt_cv_deplibs_check_method=pass_all
lt_cv_file_magic_cmd='$MAGIC_CMD'
lt_cv_file_magic_test_file=
lt_cv_ld_reload_flag=-r
lt_cv_nm_interface='BSD nm'
lt_cv_objdir=.libs
lt_cv_path_LD=/usr/bin/ld
lt_cv_path_NM='/usr/bin/nm -B'
lt_cv_path_mainfest_tool=no
lt_cv_prog_compiler_c_o=yes
lt_cv_prog_compiler_pic='-fPIC -DPIC'
lt_cv_prog_compiler_pic_works=yes
lt_cv_prog_compiler_rtti_exceptions=no
lt_cv_prog_compiler_static_works=yes
lt_cv_prog_gnu_ld=yes
lt_cv_sharedlib_from_linklib_cmd='printf %s\n'
lt_cv_shlibpath_overrides_runpath=no
lt_cv_sys_global_symbol_pipe='sed -n -e '\''s/^.*[	 ]\([ABCDGIRSTW][ABCDGIRSTW]*\)[	 ][	 ]*\([_A-Za-z][_A-Za-z0-9]*\)$/\1 \2 \2/p'\'' | sed '\''/ __gnu_lto/d'\'''
lt_cv_sys_global_symbol_to_c_name_address='sed -n -e '\''s/^: \([^ ]*\)[ ]*$/  {\"\1\", (void *) 0},/p'\'' -e '\''s/^[ABCDGIRSTW]* \([^ ]*\) \([^ ]*\)$/  {"\2", (void *) \&\2},/p'\'''
lt_cv_sys_global_symbol_to_c_name_address_lib_prefix='sed -n -e '\''s/^: \([^ ]*\)[ ]*$/  {\"\1\", (void *) 0},/p'\'' -e '\''s/^[ABCDGIRSTW]* \([^ ]*\) \(lib[^ ]*\)$/  {"\2", (void *) \&\2},/p'\'' -e '\''s/^[ABCDGIRSTW]* \([^ ]*\) \([^ ]*\)$/  {"lib\2", (void *) \&\2},/p'\'''
lt_cv_sys_global_symbol_to_cdecl='sed -n -e '\''s/^T .* \(.*\)$/extern int \1();/p'\'' -e '\''s/^[ABCDGIRSTW]* .* \(.*\)$/extern char \1;/p'\'''
lt_cv_sys_max_cmd_len=1572864
lt_cv_to_host_file_cmd=func_convert_file_noop
lt_cv_to_tool_file_cmd=func_convert_file_noop

## ----------------- ##
## Output variables. ##
## ----------------- ##

ACLOCAL='${SHELL} /home/localadmin/programs/myga/gawk/src/extension/build-aux/missing aclocal-1.13'
AMDEPBACKSLASH='\'
AMDEP_FALSE='#'
AMDEP_TRUE=''
AMTAR='$${TAR-tar}'
AM_BACKSLASH='\'
AM_DEFAULT_V='$(AM_DEFAULT_VERBOSITY)'
AM_DEFAULT_VERBOSITY='1'
AM_V='$(V)'
AR='ar'
AUTOCONF='${SHELL} /home/localadmin/programs/myga/gawk/src/extension/build-aux/missing autoconf'
AUTOHEADER='${SHELL} /home/localadmin/programs/myga/gawk/src/extension/build-aux/missing autoheader'
AUTOMAKE='${SHELL} /home/localadmin/programs/myga/gawk/src/extension/build-aux/missing automake-1.13'
AWK='gawk'
CC='gcc'
CCDEPMODE='depmode=gcc3'
CFLAGS='-g -O2 -Wall -Wextra'
CPP='gcc -E'
CPPFLAGS=''
CYGPATH_W='echo'
DEFS='-DHAVE_CONFIG_H'
DEPDIR='.deps'
DLLTOOL='false'
DSYMUTIL=''
DUMPBIN=''
ECHO_C=''
ECHO_N='-n'
ECHO_T=''
EGREP='/bin/grep -E'
EXEEXT=''
FGREP='/bin/grep -F'
GETTEXT_MACRO_VERSION='0.18'
GMSGFMT='/usr/bin/msgfmt'
GMSGFMT_015='/usr/bin/msgfmt'
GREP='/bin/grep'
INSTALL_DATA='${INSTALL} -m 644'
INSTALL_PROGRAM='${INSTALL}'
INSTALL_SCRIPT='${INSTALL}'
INSTALL_STRIP_PROGRAM='$(install_sh) -c -s'
INTLLIBS=''
INTL_MACOSX_LIBS=''
LD='/usr/bin/ld -m elf_x86_64'
LDFLAGS=''
LIBICONV='-liconv'
LIBINTL=''
LIBOBJS=''
LIBS=''
LIBTOOL='$(SHELL) $(top_builddir)/libtool'
LIPO=''
LN_S='ln -s'
LTLIBICONV='-liconv'
LTLIBINTL=''
LTLIBOBJS=''
MAKEINFO='${SHELL} /home/localadmin/programs/myga/gawk/src/extension/build-aux/missing makeinfo'
MANIFEST_TOOL=':'
MKDIR_P='/bin/mkdir -p'
MSGFMT='/usr/bin/msgfmt'
MSGFMT_015='/usr/bin/msgfmt'
MSGMERGE='/usr/bin/msgmerge'
NM='/usr/bin/nm -B'
NMEDIT=''
OBJDUMP='objdump'
OBJEXT='o'
OTOOL64=''
OTOOL=''
PACKAGE='gawk-extensions'
PACKAGE_BUGREPORT='bug-gawk@gnu.org'
PACKAGE_NAME='GNU Awk Bundled Extensions'
PACKAGE_STRING='GNU Awk Bundled Extensions 4.1.0'
PACKAGE_TARNAME='gawk-extensions'
PACKAGE_URL='http://www.gnu.org/software/gawk-extensions/'
PACKAGE_VERSION='4.1.0'
PATH_SEPARATOR=':'
POSUB='po'
RANLIB='ranlib'
SED='/bin/sed'
SET_MAKE=''
SHELL='/bin/bash'
STRIP='strip'
USE_NLS='yes'
VERSION='4.1.0'
XGETTEXT='/usr/bin/xgettext'
XGETTEXT_015='/usr/bin/xgettext'
XGETTEXT_EXTRA_OPTIONS=''
ac_ct_AR='ar'
ac_ct_CC='gcc'
ac_ct_DUMPBIN=''
am__EXEEXT_FALSE=''
am__EXEEXT_TRUE='#'
am__fastdepCC_FALSE='#'
am__fastdepCC_TRUE=''
am__include='include'
am__isrc=''
am__leading_dot='.'
am__nodep='_no'
am__quote=''
am__tar='$${TAR-tar} chof - "$$tardir"'
am__untar='$${TAR-tar} xf -'
bindir='${exec_prefix}/bin'
build='x86_64-unknown-linux-gnu'
build_alias=''
build_cpu='x86_64'
build_os='linux-gnu'
build_vendor='unknown'
datadir='${datarootdir}'
datarootdir='${prefix}/share'
docdir='${datarootdir}/doc/${PACKAGE_TARNAME}'
dvidir='${docdir}'
exec_prefix='${prefix}'
host='x86_64-unknown-linux-gnu'
host_alias=''
host_cpu='x86_64'
host_os='linux-gnu'
host_vendor='unknown'
htmldir='${docdir}'
includedir='${prefix}/include'
infodir='${datarootdir}/info'
install_sh='${SHELL} /home/localadmin/programs/myga/gawk/src/extension/build-aux/install-sh'
libdir='${exec_prefix}/lib'
libexecdir='${exec_prefix}/libexec'
localedir='${datarootdir}/locale'
localstatedir='${prefix}/var'
mandir='${datarootdir}/man'
mkdir_p='$(MKDIR_P)'
oldincludedir='/usr/include'
pdfdir='${docdir}'
pkgextensiondir='${libdir}/gawk'
prefix='/usr/local'
program_transform_name='s,x,x,'
psdir='${docdir}'
sbindir='${exec_prefix}/sbin'
sharedstatedir='${prefix}/com'
sysconfdir='${prefix}/etc'
target_alias=''

## ----------- ##
## confdefs.h. ##
## ----------- ##

/* confdefs.h */
#define PACKAGE_NAME "GNU Awk Bundled Extensions"
#define PACKAGE_TARNAME "gawk-extensions"
#define PACKAGE_VERSION "4.1.0"
#define PACKAGE_STRING "GNU Awk Bundled Extensions 4.1.0"
#define PACKAGE_BUGREPORT "bug-gawk@gnu.org"
#define PACKAGE_URL "http://www.gnu.org/software/gawk-extensions/"
#define STDC_HEADERS 1
#define HAVE_SYS_TYPES_H 1
#define HAVE_SYS_STAT_H 1
#define HAVE_STDLIB_H 1
#define HAVE_STRING_H 1
#define HAVE_MEMORY_H 1
#define HAVE_STRINGS_H 1
#define HAVE_INTTYPES_H 1
#define HAVE_STDINT_H 1
#define HAVE_UNISTD_H 1
#define __EXTENSIONS__ 1
#define _ALL_SOURCE 1
#define _GNU_SOURCE 1
#define _POSIX_PTHREAD_SEMANTICS 1
#define _TANDEM_SOURCE 1
#define PACKAGE "gawk-extensions"
#define VERSION "4.1.0"
#define ENABLE_NLS 1
#define HAVE_GETTEXT 1
#define HAVE_DCGETTEXT 1
#define HAVE_DLFCN_H 1
#define LT_OBJDIR ".libs/"
#define HAVE_DIRENT_H 1
#define HAVE_FNMATCH_H 1
#define HAVE_TIME_H 1
#define HAVE_SYS_TIME_H 1
#define HAVE_SYS_SELECT_H 1
#define HAVE_FDOPENDIR 1
#define HAVE_FNMATCH 1
#define HAVE_GETTIMEOFDAY 1
#define HAVE_GETDTABLESIZE 1
#define HAVE_NANOSLEEP 1
#define HAVE_SELECT 1
#define HAVE_DIRFD 1
#define HAVE_DECL_DIRFD 1

configure: exit 0
