This file contains any messages produced by compilers while
running configure, to aid debugging if configure makes a mistake.

It was created by GNU Awk configure 4.1.0, which was
generated by GNU Autoconf 2.69.  Invocation command line was

  $ ./configure 

## --------- ##
## Platform. ##
## --------- ##

hostname = pacific
uname -m = x86_64
uname -r = 3.13.0-40-generic
uname -s = Linux
uname -v = #69-Ubuntu SMP Thu Nov 13 17:53:56 UTC 2014

/usr/bin/uname -p = unknown
/bin/uname -X     = unknown

/bin/arch              = unknown
/usr/bin/arch -k       = unknown
/usr/convex/getsysinfo = unknown
/usr/bin/hostinfo      = unknown
/bin/machine           = unknown
/usr/bin/oslevel       = unknown
/bin/universe          = unknown

PATH: /usr/local/sbin
PATH: /usr/local/bin
PATH: /usr/sbin
PATH: /usr/bin
PATH: /sbin
PATH: /bin
PATH: /usr/games
PATH: /usr/local/games


## ----------- ##
## Core tests. ##
## ----------- ##

configure:2621: checking for a BSD-compatible install
configure:2689: result: ./install-sh -c
configure:2700: checking whether build environment is sane
configure:2755: result: yes
configure:2906: checking for a thread-safe mkdir -p
configure:2945: result: /bin/mkdir -p
configure:2952: checking for gawk
configure:2968: found /usr/bin/gawk
configure:2979: result: gawk
configure:2990: checking whether make sets $(MAKE)
configure:3012: result: yes
configure:3041: checking whether make supports nested variables
configure:3058: result: yes
configure:3181: checking for style of include used by make
configure:3209: result: GNU
configure:3280: checking for gcc
configure:3296: found /usr/bin/gcc
configure:3307: result: gcc
configure:3536: checking for C compiler version
configure:3545: gcc --version >&5
gcc-4.8.real (Ubuntu 4.8.2-19ubuntu1) 4.8.2
Copyright (C) 2013 Free Software Foundation, Inc.
This is free software; see the source for copying conditions.  There is NO
warranty; not even for MERCHANTABILITY or FITNESS FOR A PARTICULAR PURPOSE.

configure:3556: $? = 0
configure:3545: gcc -v >&5
Using built-in specs.
COLLECT_GCC=/usr/bin/gcc-4.8.real
COLLECT_LTO_WRAPPER=/usr/lib/gcc/x86_64-linux-gnu/4.8/lto-wrapper
Target: x86_64-linux-gnu
Configured with: ../src/configure -v --with-pkgversion='Ubuntu 4.8.2-19ubuntu1' --with-bugurl=file:///usr/share/doc/gcc-4.8/README.Bugs --enable-languages=c,c++,java,go,d,fortran,objc,obj-c++ --prefix=/usr --program-suffix=-4.8 --enable-shared --enable-linker-build-id --libexecdir=/usr/lib --without-included-gettext --enable-threads=posix --with-gxx-include-dir=/usr/include/c++/4.8 --libdir=/usr/lib --enable-nls --with-sysroot=/ --enable-clocale=gnu --enable-libstdcxx-debug --enable-libstdcxx-time=yes --enable-gnu-unique-object --disable-libmudflap --enable-plugin --with-system-zlib --disable-browser-plugin --enable-java-awt=gtk --enable-gtk-cairo --with-java-home=/usr/lib/jvm/java-1.5.0-gcj-4.8-amd64/jre --enable-java-home --with-jvm-root-dir=/usr/lib/jvm/java-1.5.0-gcj-4.8-amd64 --with-jvm-jar-dir=/usr/lib/jvm-exports/java-1.5.0-gcj-4.8-amd64 --with-arch-directory=amd64 --with-ecj-jar=/usr/share/java/eclipse-ecj.jar --enable-objc-gc --enable-multiarch --disable-werror --with-arch-32=i686 --with-abi=m64 --with-multilib-list=m32,m64,mx32 --with-tune=generic --enable-checking=release --build=x86_64-linux-gnu --host=x86_64-linux-gnu --target=x86_64-linux-gnu
Thread model: posix
gcc version 4.8.2 (Ubuntu 4.8.2-19ubuntu1) 
configure:3556: $? = 0
configure:3545: gcc -V >&5
gcc-4.8.real: error: unrecognized command line option '-V'
gcc-4.8.real: fatal error: no input files
compilation terminated.
configure:3556: $? = 4
configure:3545: gcc -qversion >&5
gcc-4.8.real: error: unrecognized command line option '-qversion'
gcc-4.8.real: fatal error: no input files
compilation terminated.
configure:3556: $? = 4
configure:3576: checking whether the C compiler works
configure:3598: gcc    conftest.c  >&5
configure:3602: $? = 0
configure:3650: result: yes
configure:3653: checking for C compiler default output file name
configure:3655: result: a.out
configure:3661: checking for suffix of executables
configure:3668: gcc -o conftest    conftest.c  >&5
configure:3672: $? = 0
configure:3694: result: 
configure:3716: checking whether we are cross compiling
configure:3724: gcc -o conftest    conftest.c  >&5
configure:3728: $? = 0
configure:3735: ./conftest
configure:3739: $? = 0
configure:3754: result: no
configure:3759: checking for suffix of object files
configure:3781: gcc -c   conftest.c >&5
configure:3785: $? = 0
configure:3806: result: o
configure:3810: checking whether we are using the GNU C compiler
configure:3829: gcc -c   conftest.c >&5
configure:3829: $? = 0
configure:3838: result: yes
configure:3847: checking whether gcc accepts -g
configure:3867: gcc -c -g  conftest.c >&5
configure:3867: $? = 0
configure:3908: result: yes
configure:3925: checking for gcc option to accept ISO C89
configure:3988: gcc  -c -g -O2  conftest.c >&5
configure:3988: $? = 0
configure:4001: result: none needed
configure:4023: checking dependency style of gcc
configure:4134: result: gcc3
configure:4155: checking how to run the C preprocessor
configure:4186: gcc -E  conftest.c
configure:4186: $? = 0
configure:4200: gcc -E  conftest.c
conftest.c:11:28: fatal error: ac_nonexistent.h: No such file or directory
 #include <ac_nonexistent.h>
                            ^
compilation terminated.
configure:4200: $? = 1
configure: failed program was:
| /* confdefs.h */
| #define PACKAGE_NAME "GNU Awk"
| #define PACKAGE_TARNAME "gawk"
| #define PACKAGE_VERSION "4.1.0"
| #define PACKAGE_STRING "GNU Awk 4.1.0"
| #define PACKAGE_BUGREPORT "bug-gawk@gnu.org"
| #define PACKAGE_URL "http://www.gnu.org/software/gawk/"
| #define PACKAGE "gawk"
| #define VERSION "4.1.0"
| /* end confdefs.h.  */
| #include <ac_nonexistent.h>
configure:4225: result: gcc -E
configure:4245: gcc -E  conftest.c
configure:4245: $? = 0
configure:4259: gcc -E  conftest.c
conftest.c:11:28: fatal error: ac_nonexistent.h: No such file or directory
 #include <ac_nonexistent.h>
                            ^
compilation terminated.
configure:4259: $? = 1
configure: failed program was:
| /* confdefs.h */
| #define PACKAGE_NAME "GNU Awk"
| #define PACKAGE_TARNAME "gawk"
| #define PACKAGE_VERSION "4.1.0"
| #define PACKAGE_STRING "GNU Awk 4.1.0"
| #define PACKAGE_BUGREPORT "bug-gawk@gnu.org"
| #define PACKAGE_URL "http://www.gnu.org/software/gawk/"
| #define PACKAGE "gawk"
| #define VERSION "4.1.0"
| /* end confdefs.h.  */
| #include <ac_nonexistent.h>
configure:4288: checking for grep that handles long lines and -e
configure:4346: result: /bin/grep
configure:4351: checking for egrep
configure:4413: result: /bin/grep -E
configure:4418: checking for ANSI C header files
configure:4438: gcc -c -g -O2  conftest.c >&5
configure:4438: $? = 0
configure:4511: gcc -o conftest -g -O2   conftest.c  >&5
configure:4511: $? = 0
configure:4511: ./conftest
configure:4511: $? = 0
configure:4522: result: yes
configure:4535: checking for sys/types.h
configure:4535: gcc -c -g -O2  conftest.c >&5
configure:4535: $? = 0
configure:4535: result: yes
configure:4535: checking for sys/stat.h
configure:4535: gcc -c -g -O2  conftest.c >&5
configure:4535: $? = 0
configure:4535: result: yes
configure:4535: checking for stdlib.h
configure:4535: gcc -c -g -O2  conftest.c >&5
configure:4535: $? = 0
configure:4535: result: yes
configure:4535: checking for string.h
configure:4535: gcc -c -g -O2  conftest.c >&5
configure:4535: $? = 0
configure:4535: result: yes
configure:4535: checking for memory.h
configure:4535: gcc -c -g -O2  conftest.c >&5
configure:4535: $? = 0
configure:4535: result: yes
configure:4535: checking for strings.h
configure:4535: gcc -c -g -O2  conftest.c >&5
configure:4535: $? = 0
configure:4535: result: yes
configure:4535: checking for inttypes.h
configure:4535: gcc -c -g -O2  conftest.c >&5
configure:4535: $? = 0
configure:4535: result: yes
configure:4535: checking for stdint.h
configure:4535: gcc -c -g -O2  conftest.c >&5
configure:4535: $? = 0
configure:4535: result: yes
configure:4535: checking for unistd.h
configure:4535: gcc -c -g -O2  conftest.c >&5
configure:4535: $? = 0
configure:4535: result: yes
configure:4548: checking minix/config.h usability
configure:4548: gcc -c -g -O2  conftest.c >&5
conftest.c:54:26: fatal error: minix/config.h: No such file or directory
 #include <minix/config.h>
                          ^
compilation terminated.
configure:4548: $? = 1
configure: failed program was:
| /* confdefs.h */
| #define PACKAGE_NAME "GNU Awk"
| #define PACKAGE_TARNAME "gawk"
| #define PACKAGE_VERSION "4.1.0"
| #define PACKAGE_STRING "GNU Awk 4.1.0"
| #define PACKAGE_BUGREPORT "bug-gawk@gnu.org"
| #define PACKAGE_URL "http://www.gnu.org/software/gawk/"
| #define PACKAGE "gawk"
| #define VERSION "4.1.0"
| #define STDC_HEADERS 1
| #define HAVE_SYS_TYPES_H 1
| #define HAVE_SYS_STAT_H 1
| #define HAVE_STDLIB_H 1
| #define HAVE_STRING_H 1
| #define HAVE_MEMORY_H 1
| #define HAVE_STRINGS_H 1
| #define HAVE_INTTYPES_H 1
| #define HAVE_STDINT_H 1
| #define HAVE_UNISTD_H 1
| /* end confdefs.h.  */
| #include <stdio.h>
| #ifdef HAVE_SYS_TYPES_H
| # include <sys/types.h>
| #endif
| #ifdef HAVE_SYS_STAT_H
| # include <sys/stat.h>
| #endif
| #ifdef STDC_HEADERS
| # include <stdlib.h>
| # include <stddef.h>
| #else
| # ifdef HAVE_STDLIB_H
| #  include <stdlib.h>
| # endif
| #endif
| #ifdef HAVE_STRING_H
| # if !defined STDC_HEADERS && defined HAVE_MEMORY_H
| #  include <memory.h>
| # endif
| # include <string.h>
| #endif
| #ifdef HAVE_STRINGS_H
| # include <strings.h>
| #endif
| #ifdef HAVE_INTTYPES_H
| # include <inttypes.h>
| #endif
| #ifdef HAVE_STDINT_H
| # include <stdint.h>
| #endif
| #ifdef HAVE_UNISTD_H
| # include <unistd.h>
| #endif
| #include <minix/config.h>
configure:4548: result: no
configure:4548: checking minix/config.h presence
configure:4548: gcc -E  conftest.c
conftest.c:21:26: fatal error: minix/config.h: No such file or directory
 #include <minix/config.h>
                          ^
compilation terminated.
configure:4548: $? = 1
configure: failed program was:
| /* confdefs.h */
| #define PACKAGE_NAME "GNU Awk"
| #define PACKAGE_TARNAME "gawk"
| #define PACKAGE_VERSION "4.1.0"
| #define PACKAGE_STRING "GNU Awk 4.1.0"
| #define PACKAGE_BUGREPORT "bug-gawk@gnu.org"
| #define PACKAGE_URL "http://www.gnu.org/software/gawk/"
| #define PACKAGE "gawk"
| #define VERSION "4.1.0"
| #define STDC_HEADERS 1
| #define HAVE_SYS_TYPES_H 1
| #define HAVE_SYS_STAT_H 1
| #define HAVE_STDLIB_H 1
| #define HAVE_STRING_H 1
| #define HAVE_MEMORY_H 1
| #define HAVE_STRINGS_H 1
| #define HAVE_INTTYPES_H 1
| #define HAVE_STDINT_H 1
| #define HAVE_UNISTD_H 1
| /* end confdefs.h.  */
| #include <minix/config.h>
configure:4548: result: no
configure:4548: checking for minix/config.h
configure:4548: result: no
configure:4569: checking whether it is safe to define __EXTENSIONS__
configure:4587: gcc -c -g -O2  conftest.c >&5
configure:4587: $? = 0
configure:4594: result: yes
configure:4609: checking for egrep
configure:4671: result: /bin/grep -E
configure:4680: checking for bison
configure:4710: result: no
configure:4680: checking for byacc
configure:4696: found /usr/bin/byacc
configure:4707: result: byacc
configure:4719: checking whether ln -s works
configure:4723: result: yes
configure:4778: checking for gcc
configure:4805: result: gcc
configure:5034: checking for C compiler version
configure:5043: gcc --version >&5
gcc-4.8.real (Ubuntu 4.8.2-19ubuntu1) 4.8.2
Copyright (C) 2013 Free Software Foundation, Inc.
This is free software; see the source for copying conditions.  There is NO
warranty; not even for MERCHANTABILITY or FITNESS FOR A PARTICULAR PURPOSE.

configure:5054: $? = 0
configure:5043: gcc -v >&5
Using built-in specs.
COLLECT_GCC=/usr/bin/gcc-4.8.real
COLLECT_LTO_WRAPPER=/usr/lib/gcc/x86_64-linux-gnu/4.8/lto-wrapper
Target: x86_64-linux-gnu
Configured with: ../src/configure -v --with-pkgversion='Ubuntu 4.8.2-19ubuntu1' --with-bugurl=file:///usr/share/doc/gcc-4.8/README.Bugs --enable-languages=c,c++,java,go,d,fortran,objc,obj-c++ --prefix=/usr --program-suffix=-4.8 --enable-shared --enable-linker-build-id --libexecdir=/usr/lib --without-included-gettext --enable-threads=posix --with-gxx-include-dir=/usr/include/c++/4.8 --libdir=/usr/lib --enable-nls --with-sysroot=/ --enable-clocale=gnu --enable-libstdcxx-debug --enable-libstdcxx-time=yes --enable-gnu-unique-object --disable-libmudflap --enable-plugin --with-system-zlib --disable-browser-plugin --enable-java-awt=gtk --enable-gtk-cairo --with-java-home=/usr/lib/jvm/java-1.5.0-gcj-4.8-amd64/jre --enable-java-home --with-jvm-root-dir=/usr/lib/jvm/java-1.5.0-gcj-4.8-amd64 --with-jvm-jar-dir=/usr/lib/jvm-exports/java-1.5.0-gcj-4.8-amd64 --with-arch-directory=amd64 --with-ecj-jar=/usr/share/java/eclipse-ecj.jar --enable-objc-gc --enable-multiarch --disable-werror --with-arch-32=i686 --with-abi=m64 --with-multilib-list=m32,m64,mx32 --with-tune=generic --enable-checking=release --build=x86_64-linux-gnu --host=x86_64-linux-gnu --target=x86_64-linux-gnu
Thread model: posix
gcc version 4.8.2 (Ubuntu 4.8.2-19ubuntu1) 
configure:5054: $? = 0
configure:5043: gcc -V >&5
gcc-4.8.real: error: unrecognized command line option '-V'
gcc-4.8.real: fatal error: no input files
compilation terminated.
configure:5054: $? = 4
configure:5043: gcc -qversion >&5
gcc-4.8.real: error: unrecognized command line option '-qversion'
gcc-4.8.real: fatal error: no input files
compilation terminated.
configure:5054: $? = 4
configure:5058: checking whether we are using the GNU C compiler
configure:5086: result: yes
configure:5095: checking whether gcc accepts -g
configure:5156: result: yes
configure:5173: checking for gcc option to accept ISO C89
configure:5249: result: none needed
configure:5271: checking dependency style of gcc
configure:5382: result: gcc3
configure:5402: checking how to run the C preprocessor
configure:5472: result: gcc -E
configure:5492: gcc -E  conftest.c
configure:5492: $? = 0
configure:5506: gcc -E  conftest.c
conftest.c:26:28: fatal error: ac_nonexistent.h: No such file or directory
 #include <ac_nonexistent.h>
                            ^
compilation terminated.
configure:5506: $? = 1
configure: failed program was:
| /* confdefs.h */
| #define PACKAGE_NAME "GNU Awk"
| #define PACKAGE_TARNAME "gawk"
| #define PACKAGE_VERSION "4.1.0"
| #define PACKAGE_STRING "GNU Awk 4.1.0"
| #define PACKAGE_BUGREPORT "bug-gawk@gnu.org"
| #define PACKAGE_URL "http://www.gnu.org/software/gawk/"
| #define PACKAGE "gawk"
| #define VERSION "4.1.0"
| #define STDC_HEADERS 1
| #define HAVE_SYS_TYPES_H 1
| #define HAVE_SYS_STAT_H 1
| #define HAVE_STDLIB_H 1
| #define HAVE_STRING_H 1
| #define HAVE_MEMORY_H 1
| #define HAVE_STRINGS_H 1
| #define HAVE_INTTYPES_H 1
| #define HAVE_STDINT_H 1
| #define HAVE_UNISTD_H 1
| #define __EXTENSIONS__ 1
| #define _ALL_SOURCE 1
| #define _GNU_SOURCE 1
| #define _POSIX_PTHREAD_SEMANTICS 1
| #define _TANDEM_SOURCE 1
| /* end confdefs.h.  */
| #include <ac_nonexistent.h>
configure:5539: checking whether make sets $(MAKE)
configure:5561: result: yes
configure:5573: checking for special development options
configure:5593: result: no
configure:5607: checking for library containing strerror
configure:5638: gcc -o conftest -g -O2 -DNDEBUG   conftest.c  >&5
configure:5638: $? = 0
configure:5655: result: none required
configure:5670: checking for special C compiler options needed for large files
configure:5715: result: no
configure:5721: checking for _FILE_OFFSET_BITS value needed for large files
configure:5746: gcc -c -g -O2 -DNDEBUG  conftest.c >&5
configure:5746: $? = 0
configure:5778: result: no
configure:5894: checking whether NLS is requested
configure:5903: result: yes
configure:5944: checking for msgfmt
configure: trying /usr/bin/msgfmt...
0 translated messages.
configure:5976: result: /usr/bin/msgfmt
configure:5985: checking for gmsgfmt
configure:6016: result: /usr/bin/msgfmt
configure:6067: checking for xgettext
configure: trying /usr/bin/xgettext...
/usr/bin/xgettext: warning: file '/dev/null' extension '' is unknown; will try C
configure:6099: result: /usr/bin/xgettext
configure:6145: checking for msgmerge
configure: trying /usr/bin/msgmerge...
configure:6176: result: /usr/bin/msgmerge
configure:6213: checking build system type
configure:6227: result: x86_64-unknown-linux-gnu
configure:6247: checking host system type
configure:6260: result: x86_64-unknown-linux-gnu
configure:6304: checking for ld used by GCC
configure:6368: result: /usr/bin/ld
configure:6375: checking if the linker (/usr/bin/ld) is GNU ld
configure:6388: result: yes
configure:6395: checking for shared library run path origin
configure:6408: result: done
configure:6980: checking for CFPreferencesCopyAppValue
configure:6998: gcc -o conftest -g -O2 -DNDEBUG   conftest.c  -Wl,-framework -Wl,CoreFoundation >&5
conftest.c:26:42: fatal error: CoreFoundation/CFPreferences.h: No such file or directory
 #include <CoreFoundation/CFPreferences.h>
                                          ^
compilation terminated.
configure:6998: $? = 1
configure: failed program was:
| /* confdefs.h */
| #define PACKAGE_NAME "GNU Awk"
| #define PACKAGE_TARNAME "gawk"
| #define PACKAGE_VERSION "4.1.0"
| #define PACKAGE_STRING "GNU Awk 4.1.0"
| #define PACKAGE_BUGREPORT "bug-gawk@gnu.org"
| #define PACKAGE_URL "http://www.gnu.org/software/gawk/"
| #define PACKAGE "gawk"
| #define VERSION "4.1.0"
| #define STDC_HEADERS 1
| #define HAVE_SYS_TYPES_H 1
| #define HAVE_SYS_STAT_H 1
| #define HAVE_STDLIB_H 1
| #define HAVE_STRING_H 1
| #define HAVE_MEMORY_H 1
| #define HAVE_STRINGS_H 1
| #define HAVE_INTTYPES_H 1
| #define HAVE_STDINT_H 1
| #define HAVE_UNISTD_H 1
| #define __EXTENSIONS__ 1
| #define _ALL_SOURCE 1
| #define _GNU_SOURCE 1
| #define _POSIX_PTHREAD_SEMANTICS 1
| #define _TANDEM_SOURCE 1
| /* end confdefs.h.  */
| #include <CoreFoundation/CFPreferences.h>
| int
| main ()
| {
| CFPreferencesCopyAppValue(NULL, NULL)
|   ;
|   return 0;
| }
configure:7007: result: no
configure:7014: checking for CFLocaleCopyCurrent
configure:7032: gcc -o conftest -g -O2 -DNDEBUG   conftest.c  -Wl,-framework -Wl,CoreFoundation >&5
conftest.c:26:37: fatal error: CoreFoundation/CFLocale.h: No such file or directory
 #include <CoreFoundation/CFLocale.h>
                                     ^
compilation terminated.
configure:7032: $? = 1
configure: failed program was:
| /* confdefs.h */
| #define PACKAGE_NAME "GNU Awk"
| #define PACKAGE_TARNAME "gawk"
| #define PACKAGE_VERSION "4.1.0"
| #define PACKAGE_STRING "GNU Awk 4.1.0"
| #define PACKAGE_BUGREPORT "bug-gawk@gnu.org"
| #define PACKAGE_URL "http://www.gnu.org/software/gawk/"
| #define PACKAGE "gawk"
| #define VERSION "4.1.0"
| #define STDC_HEADERS 1
| #define HAVE_SYS_TYPES_H 1
| #define HAVE_SYS_STAT_H 1
| #define HAVE_STDLIB_H 1
| #define HAVE_STRING_H 1
| #define HAVE_MEMORY_H 1
| #define HAVE_STRINGS_H 1
| #define HAVE_INTTYPES_H 1
| #define HAVE_STDINT_H 1
| #define HAVE_UNISTD_H 1
| #define __EXTENSIONS__ 1
| #define _ALL_SOURCE 1
| #define _GNU_SOURCE 1
| #define _POSIX_PTHREAD_SEMANTICS 1
| #define _TANDEM_SOURCE 1
| /* end confdefs.h.  */
| #include <CoreFoundation/CFLocale.h>
| int
| main ()
| {
| CFLocaleCopyCurrent();
|   ;
|   return 0;
| }
configure:7041: result: no
configure:7090: checking for GNU gettext in libc
configure:7110: gcc -o conftest -g -O2 -DNDEBUG   conftest.c  >&5
configure:7110: $? = 0
configure:7119: result: yes
configure:7910: checking whether to use NLS
configure:7912: result: yes
configure:7915: checking where the gettext function comes from
configure:7926: result: libc
configure:7985: checking for nl_langinfo and CODESET
configure:8001: gcc -o conftest -g -O2 -DNDEBUG   conftest.c  >&5
configure:8001: $? = 0
configure:8010: result: yes
configure:8019: checking for LC_MESSAGES
configure:8035: gcc -o conftest -g -O2 -DNDEBUG   conftest.c  >&5
configure:8035: $? = 0
configure:8043: result: yes
configure:8052: checking for ANSI C header files
configure:8156: result: yes
configure:8164: checking for stdbool.h that conforms to C99
configure:8231: gcc -c -g -O2 -DNDEBUG  conftest.c >&5
configure:8231: $? = 0
configure:8238: result: yes
configure:8240: checking for _Bool
configure:8240: gcc -c -g -O2 -DNDEBUG  conftest.c >&5
configure:8240: $? = 0
configure:8240: gcc -c -g -O2 -DNDEBUG  conftest.c >&5
conftest.c: In function 'main':
conftest.c:68:20: error: expected expression before ')' token
 if (sizeof ((_Bool)))
                    ^
configure:8240: $? = 1
configure: failed program was:
| /* confdefs.h */
| #define PACKAGE_NAME "GNU Awk"
| #define PACKAGE_TARNAME "gawk"
| #define PACKAGE_VERSION "4.1.0"
| #define PACKAGE_STRING "GNU Awk 4.1.0"
| #define PACKAGE_BUGREPORT "bug-gawk@gnu.org"
| #define PACKAGE_URL "http://www.gnu.org/software/gawk/"
| #define PACKAGE "gawk"
| #define VERSION "4.1.0"
| #define STDC_HEADERS 1
| #define HAVE_SYS_TYPES_H 1
| #define HAVE_SYS_STAT_H 1
| #define HAVE_STDLIB_H 1
| #define HAVE_STRING_H 1
| #define HAVE_MEMORY_H 1
| #define HAVE_STRINGS_H 1
| #define HAVE_INTTYPES_H 1
| #define HAVE_STDINT_H 1
| #define HAVE_UNISTD_H 1
| #define __EXTENSIONS__ 1
| #define _ALL_SOURCE 1
| #define _GNU_SOURCE 1
| #define _POSIX_PTHREAD_SEMANTICS 1
| #define _TANDEM_SOURCE 1
| #define ENABLE_NLS 1
| #define HAVE_GETTEXT 1
| #define HAVE_DCGETTEXT 1
| #define HAVE_LANGINFO_CODESET 1
| #define HAVE_LC_MESSAGES 1
| #define STDC_HEADERS 1
| /* end confdefs.h.  */
| #include <stdio.h>
| #ifdef HAVE_SYS_TYPES_H
| # include <sys/types.h>
| #endif
| #ifdef HAVE_SYS_STAT_H
| # include <sys/stat.h>
| #endif
| #ifdef STDC_HEADERS
| # include <stdlib.h>
| # include <stddef.h>
| #else
| # ifdef HAVE_STDLIB_H
| #  include <stdlib.h>
| # endif
| #endif
| #ifdef HAVE_STRING_H
| # if !defined STDC_HEADERS && defined HAVE_MEMORY_H
| #  include <memory.h>
| # endif
| # include <string.h>
| #endif
| #ifdef HAVE_STRINGS_H
| # include <strings.h>
| #endif
| #ifdef HAVE_INTTYPES_H
| # include <inttypes.h>
| #endif
| #ifdef HAVE_STDINT_H
| # include <stdint.h>
| #endif
| #ifdef HAVE_UNISTD_H
| # include <unistd.h>
| #endif
| int
| main ()
| {
| if (sizeof ((_Bool)))
| 	    return 0;
|   ;
|   return 0;
| }
configure:8240: result: yes
configure:8257: checking for sys/wait.h that is POSIX.1 compatible
configure:8283: gcc -c -g -O2 -DNDEBUG  conftest.c >&5
configure:8283: $? = 0
configure:8290: result: yes
configure:8298: checking whether time.h and sys/time.h may both be included
configure:8318: gcc -c -g -O2 -DNDEBUG  conftest.c >&5
configure:8318: $? = 0
configure:8325: result: yes
configure:8339: checking arpa/inet.h usability
configure:8339: gcc -c -g -O2 -DNDEBUG  conftest.c >&5
configure:8339: $? = 0
configure:8339: result: yes
configure:8339: checking arpa/inet.h presence
configure:8339: gcc -E  conftest.c
configure:8339: $? = 0
configure:8339: result: yes
configure:8339: checking for arpa/inet.h
configure:8339: result: yes
configure:8339: checking fcntl.h usability
configure:8339: gcc -c -g -O2 -DNDEBUG  conftest.c >&5
configure:8339: $? = 0
configure:8339: result: yes
configure:8339: checking fcntl.h presence
configure:8339: gcc -E  conftest.c
configure:8339: $? = 0
configure:8339: result: yes
configure:8339: checking for fcntl.h
configure:8339: result: yes
configure:8339: checking limits.h usability
configure:8339: gcc -c -g -O2 -DNDEBUG  conftest.c >&5
configure:8339: $? = 0
configure:8339: result: yes
configure:8339: checking limits.h presence
configure:8339: gcc -E  conftest.c
configure:8339: $? = 0
configure:8339: result: yes
configure:8339: checking for limits.h
configure:8339: result: yes
configure:8339: checking locale.h usability
configure:8339: gcc -c -g -O2 -DNDEBUG  conftest.c >&5
configure:8339: $? = 0
configure:8339: result: yes
configure:8339: checking locale.h presence
configure:8339: gcc -E  conftest.c
configure:8339: $? = 0
configure:8339: result: yes
configure:8339: checking for locale.h
configure:8339: result: yes
configure:8339: checking libintl.h usability
configure:8339: gcc -c -g -O2 -DNDEBUG  conftest.c >&5
configure:8339: $? = 0
configure:8339: result: yes
configure:8339: checking libintl.h presence
configure:8339: gcc -E  conftest.c
configure:8339: $? = 0
configure:8339: result: yes
configure:8339: checking for libintl.h
configure:8339: result: yes
configure:8339: checking mcheck.h usability
configure:8339: gcc -c -g -O2 -DNDEBUG  conftest.c >&5
configure:8339: $? = 0
configure:8339: result: yes
configure:8339: checking mcheck.h presence
configure:8339: gcc -E  conftest.c
configure:8339: $? = 0
configure:8339: result: yes
configure:8339: checking for mcheck.h
configure:8339: result: yes
configure:8339: checking netdb.h usability
configure:8339: gcc -c -g -O2 -DNDEBUG  conftest.c >&5
configure:8339: $? = 0
configure:8339: result: yes
configure:8339: checking netdb.h presence
configure:8339: gcc -E  conftest.c
configure:8339: $? = 0
configure:8339: result: yes
configure:8339: checking for netdb.h
configure:8339: result: yes
configure:8339: checking netinet/in.h usability
configure:8339: gcc -c -g -O2 -DNDEBUG  conftest.c >&5
configure:8339: $? = 0
configure:8339: result: yes
configure:8339: checking netinet/in.h presence
configure:8339: gcc -E  conftest.c
configure:8339: $? = 0
configure:8339: result: yes
configure:8339: checking for netinet/in.h
configure:8339: result: yes
configure:8339: checking stdarg.h usability
configure:8339: gcc -c -g -O2 -DNDEBUG  conftest.c >&5
configure:8339: $? = 0
configure:8339: result: yes
configure:8339: checking stdarg.h presence
configure:8339: gcc -E  conftest.c
configure:8339: $? = 0
configure:8339: result: yes
configure:8339: checking for stdarg.h
configure:8339: result: yes
configure:8339: checking stddef.h usability
configure:8339: gcc -c -g -O2 -DNDEBUG  conftest.c >&5
configure:8339: $? = 0
configure:8339: result: yes
configure:8339: checking stddef.h presence
configure:8339: gcc -E  conftest.c
configure:8339: $? = 0
configure:8339: result: yes
configure:8339: checking for stddef.h
configure:8339: result: yes
configure:8339: checking for string.h
configure:8339: result: yes
configure:8339: checking sys/ioctl.h usability
configure:8339: gcc -c -g -O2 -DNDEBUG  conftest.c >&5
configure:8339: $? = 0
configure:8339: result: yes
configure:8339: checking sys/ioctl.h presence
configure:8339: gcc -E  conftest.c
configure:8339: $? = 0
configure:8339: result: yes
configure:8339: checking for sys/ioctl.h
configure:8339: result: yes
configure:8339: checking sys/param.h usability
configure:8339: gcc -c -g -O2 -DNDEBUG  conftest.c >&5
configure:8339: $? = 0
configure:8339: result: yes
configure:8339: checking sys/param.h presence
configure:8339: gcc -E  conftest.c
configure:8339: $? = 0
configure:8339: result: yes
configure:8339: checking for sys/param.h
configure:8339: result: yes
configure:8339: checking sys/socket.h usability
configure:8339: gcc -c -g -O2 -DNDEBUG  conftest.c >&5
configure:8339: $? = 0
configure:8339: result: yes
configure:8339: checking sys/socket.h presence
configure:8339: gcc -E  conftest.c
configure:8339: $? = 0
configure:8339: result: yes
configure:8339: checking for sys/socket.h
configure:8339: result: yes
configure:8339: checking sys/time.h usability
configure:8339: gcc -c -g -O2 -DNDEBUG  conftest.c >&5
configure:8339: $? = 0
configure:8339: result: yes
configure:8339: checking sys/time.h presence
configure:8339: gcc -E  conftest.c
configure:8339: $? = 0
configure:8339: result: yes
configure:8339: checking for sys/time.h
configure:8339: result: yes
configure:8339: checking for unistd.h
configure:8339: result: yes
configure:8339: checking termios.h usability
configure:8339: gcc -c -g -O2 -DNDEBUG  conftest.c >&5
configure:8339: $? = 0
configure:8339: result: yes
configure:8339: checking termios.h presence
configure:8339: gcc -E  conftest.c
configure:8339: $? = 0
configure:8339: result: yes
configure:8339: checking for termios.h
configure:8339: result: yes
configure:8339: checking stropts.h usability
configure:8339: gcc -c -g -O2 -DNDEBUG  conftest.c >&5
configure:8339: $? = 0
configure:8339: result: yes
configure:8339: checking stropts.h presence
configure:8339: gcc -E  conftest.c
configure:8339: $? = 0
configure:8339: result: yes
configure:8339: checking for stropts.h
configure:8339: result: yes
configure:8339: checking wchar.h usability
configure:8339: gcc -c -g -O2 -DNDEBUG  conftest.c >&5
configure:8339: $? = 0
configure:8339: result: yes
configure:8339: checking wchar.h presence
configure:8339: gcc -E  conftest.c
configure:8339: $? = 0
configure:8339: result: yes
configure:8339: checking for wchar.h
configure:8339: result: yes
configure:8339: checking wctype.h usability
configure:8339: gcc -c -g -O2 -DNDEBUG  conftest.c >&5
configure:8339: $? = 0
configure:8339: result: yes
configure:8339: checking wctype.h presence
configure:8339: gcc -E  conftest.c
configure:8339: $? = 0
configure:8339: result: yes
configure:8339: checking for wctype.h
configure:8339: result: yes
configure:8354: checking for memory.h
configure:8354: result: yes
configure:8388: checking for pid_t
configure:8388: gcc -c -g -O2 -DNDEBUG  conftest.c >&5
configure:8388: $? = 0
configure:8388: gcc -c -g -O2 -DNDEBUG  conftest.c >&5
conftest.c: In function 'main':
conftest.c:93:20: error: expected expression before ')' token
 if (sizeof ((pid_t)))
                    ^
configure:8388: $? = 1
configure: failed program was:
| /* confdefs.h */
| #define PACKAGE_NAME "GNU Awk"
| #define PACKAGE_TARNAME "gawk"
| #define PACKAGE_VERSION "4.1.0"
| #define PACKAGE_STRING "GNU Awk 4.1.0"
| #define PACKAGE_BUGREPORT "bug-gawk@gnu.org"
| #define PACKAGE_URL "http://www.gnu.org/software/gawk/"
| #define PACKAGE "gawk"
| #define VERSION "4.1.0"
| #define STDC_HEADERS 1
| #define HAVE_SYS_TYPES_H 1
| #define HAVE_SYS_STAT_H 1
| #define HAVE_STDLIB_H 1
| #define HAVE_STRING_H 1
| #define HAVE_MEMORY_H 1
| #define HAVE_STRINGS_H 1
| #define HAVE_INTTYPES_H 1
| #define HAVE_STDINT_H 1
| #define HAVE_UNISTD_H 1
| #define __EXTENSIONS__ 1
| #define _ALL_SOURCE 1
| #define _GNU_SOURCE 1
| #define _POSIX_PTHREAD_SEMANTICS 1
| #define _TANDEM_SOURCE 1
| #define ENABLE_NLS 1
| #define HAVE_GETTEXT 1
| #define HAVE_DCGETTEXT 1
| #define HAVE_LANGINFO_CODESET 1
| #define HAVE_LC_MESSAGES 1
| #define STDC_HEADERS 1
| #define HAVE__BOOL 1
| #define HAVE_STDBOOL_H 1
| #define HAVE_SYS_WAIT_H 1
| #define TIME_WITH_SYS_TIME 1
| #define HAVE_ARPA_INET_H 1
| #define HAVE_FCNTL_H 1
| #define HAVE_LIMITS_H 1
| #define HAVE_LOCALE_H 1
| #define HAVE_LIBINTL_H 1
| #define HAVE_MCHECK_H 1
| #define HAVE_NETDB_H 1
| #define HAVE_NETINET_IN_H 1
| #define HAVE_STDARG_H 1
| #define HAVE_STDDEF_H 1
| #define HAVE_STRING_H 1
| #define HAVE_SYS_IOCTL_H 1
| #define HAVE_SYS_PARAM_H 1
| #define HAVE_SYS_SOCKET_H 1
| #define HAVE_SYS_TIME_H 1
| #define HAVE_UNISTD_H 1
| #define HAVE_TERMIOS_H 1
| #define HAVE_STROPTS_H 1
| #define HAVE_WCHAR_H 1
| #define HAVE_WCTYPE_H 1
| #define HAVE_MEMORY_H 1
| /* end confdefs.h.  */
| #include <stdio.h>
| #ifdef HAVE_SYS_TYPES_H
| # include <sys/types.h>
| #endif
| #ifdef HAVE_SYS_STAT_H
| # include <sys/stat.h>
| #endif
| #ifdef STDC_HEADERS
| # include <stdlib.h>
| # include <stddef.h>
| #else
| # ifdef HAVE_STDLIB_H
| #  include <stdlib.h>
| # endif
| #endif
| #ifdef HAVE_STRING_H
| # if !defined STDC_HEADERS && defined HAVE_MEMORY_H
| #  include <memory.h>
| # endif
| # include <string.h>
| #endif
| #ifdef HAVE_STRINGS_H
| # include <strings.h>
| #endif
| #ifdef HAVE_INTTYPES_H
| # include <inttypes.h>
| #endif
| #ifdef HAVE_STDINT_H
| # include <stdint.h>
| #endif
| #ifdef HAVE_UNISTD_H
| # include <unistd.h>
| #endif
| int
| main ()
| {
| if (sizeof ((pid_t)))
| 	    return 0;
|   ;
|   return 0;
| }
configure:8388: result: yes
configure:8399: checking return type of signal handlers
configure:8417: gcc -c -g -O2 -DNDEBUG  conftest.c >&5
conftest.c: In function 'main':
conftest.c:63:1: error: void value not ignored as it ought to be
 return *(signal (0, 0)) (0) == 1;
 ^
configure:8417: $? = 1
configure: failed program was:
| /* confdefs.h */
| #define PACKAGE_NAME "GNU Awk"
| #define PACKAGE_TARNAME "gawk"
| #define PACKAGE_VERSION "4.1.0"
| #define PACKAGE_STRING "GNU Awk 4.1.0"
| #define PACKAGE_BUGREPORT "bug-gawk@gnu.org"
| #define PACKAGE_URL "http://www.gnu.org/software/gawk/"
| #define PACKAGE "gawk"
| #define VERSION "4.1.0"
| #define STDC_HEADERS 1
| #define HAVE_SYS_TYPES_H 1
| #define HAVE_SYS_STAT_H 1
| #define HAVE_STDLIB_H 1
| #define HAVE_STRING_H 1
| #define HAVE_MEMORY_H 1
| #define HAVE_STRINGS_H 1
| #define HAVE_INTTYPES_H 1
| #define HAVE_STDINT_H 1
| #define HAVE_UNISTD_H 1
| #define __EXTENSIONS__ 1
| #define _ALL_SOURCE 1
| #define _GNU_SOURCE 1
| #define _POSIX_PTHREAD_SEMANTICS 1
| #define _TANDEM_SOURCE 1
| #define ENABLE_NLS 1
| #define HAVE_GETTEXT 1
| #define HAVE_DCGETTEXT 1
| #define HAVE_LANGINFO_CODESET 1
| #define HAVE_LC_MESSAGES 1
| #define STDC_HEADERS 1
| #define HAVE__BOOL 1
| #define HAVE_STDBOOL_H 1
| #define HAVE_SYS_WAIT_H 1
| #define TIME_WITH_SYS_TIME 1
| #define HAVE_ARPA_INET_H 1
| #define HAVE_FCNTL_H 1
| #define HAVE_LIMITS_H 1
| #define HAVE_LOCALE_H 1
| #define HAVE_LIBINTL_H 1
| #define HAVE_MCHECK_H 1
| #define HAVE_NETDB_H 1
| #define HAVE_NETINET_IN_H 1
| #define HAVE_STDARG_H 1
| #define HAVE_STDDEF_H 1
| #define HAVE_STRING_H 1
| #define HAVE_SYS_IOCTL_H 1
| #define HAVE_SYS_PARAM_H 1
| #define HAVE_SYS_SOCKET_H 1
| #define HAVE_SYS_TIME_H 1
| #define HAVE_UNISTD_H 1
| #define HAVE_TERMIOS_H 1
| #define HAVE_STROPTS_H 1
| #define HAVE_WCHAR_H 1
| #define HAVE_WCTYPE_H 1
| #define HAVE_MEMORY_H 1
| /* end confdefs.h.  */
| #include <sys/types.h>
| #include <signal.h>
| 
| int
| main ()
| {
| return *(signal (0, 0)) (0) == 1;
|   ;
|   return 0;
| }
configure:8424: result: void
configure:8432: checking for size_t
configure:8432: gcc -c -g -O2 -DNDEBUG  conftest.c >&5
configure:8432: $? = 0
configure:8432: gcc -c -g -O2 -DNDEBUG  conftest.c >&5
conftest.c: In function 'main':
conftest.c:94:21: error: expected expression before ')' token
 if (sizeof ((size_t)))
                     ^
configure:8432: $? = 1
configure: failed program was:
| /* confdefs.h */
| #define PACKAGE_NAME "GNU Awk"
| #define PACKAGE_TARNAME "gawk"
| #define PACKAGE_VERSION "4.1.0"
| #define PACKAGE_STRING "GNU Awk 4.1.0"
| #define PACKAGE_BUGREPORT "bug-gawk@gnu.org"
| #define PACKAGE_URL "http://www.gnu.org/software/gawk/"
| #define PACKAGE "gawk"
| #define VERSION "4.1.0"
| #define STDC_HEADERS 1
| #define HAVE_SYS_TYPES_H 1
| #define HAVE_SYS_STAT_H 1
| #define HAVE_STDLIB_H 1
| #define HAVE_STRING_H 1
| #define HAVE_MEMORY_H 1
| #define HAVE_STRINGS_H 1
| #define HAVE_INTTYPES_H 1
| #define HAVE_STDINT_H 1
| #define HAVE_UNISTD_H 1
| #define __EXTENSIONS__ 1
| #define _ALL_SOURCE 1
| #define _GNU_SOURCE 1
| #define _POSIX_PTHREAD_SEMANTICS 1
| #define _TANDEM_SOURCE 1
| #define ENABLE_NLS 1
| #define HAVE_GETTEXT 1
| #define HAVE_DCGETTEXT 1
| #define HAVE_LANGINFO_CODESET 1
| #define HAVE_LC_MESSAGES 1
| #define STDC_HEADERS 1
| #define HAVE__BOOL 1
| #define HAVE_STDBOOL_H 1
| #define HAVE_SYS_WAIT_H 1
| #define TIME_WITH_SYS_TIME 1
| #define HAVE_ARPA_INET_H 1
| #define HAVE_FCNTL_H 1
| #define HAVE_LIMITS_H 1
| #define HAVE_LOCALE_H 1
| #define HAVE_LIBINTL_H 1
| #define HAVE_MCHECK_H 1
| #define HAVE_NETDB_H 1
| #define HAVE_NETINET_IN_H 1
| #define HAVE_STDARG_H 1
| #define HAVE_STDDEF_H 1
| #define HAVE_STRING_H 1
| #define HAVE_SYS_IOCTL_H 1
| #define HAVE_SYS_PARAM_H 1
| #define HAVE_SYS_SOCKET_H 1
| #define HAVE_SYS_TIME_H 1
| #define HAVE_UNISTD_H 1
| #define HAVE_TERMIOS_H 1
| #define HAVE_STROPTS_H 1
| #define HAVE_WCHAR_H 1
| #define HAVE_WCTYPE_H 1
| #define HAVE_MEMORY_H 1
| #define RETSIGTYPE void
| /* end confdefs.h.  */
| #include <stdio.h>
| #ifdef HAVE_SYS_TYPES_H
| # include <sys/types.h>
| #endif
| #ifdef HAVE_SYS_STAT_H
| # include <sys/stat.h>
| #endif
| #ifdef STDC_HEADERS
| # include <stdlib.h>
| # include <stddef.h>
| #else
| # ifdef HAVE_STDLIB_H
| #  include <stdlib.h>
| # endif
| #endif
| #ifdef HAVE_STRING_H
| # if !defined STDC_HEADERS && defined HAVE_MEMORY_H
| #  include <memory.h>
| # endif
| # include <string.h>
| #endif
| #ifdef HAVE_STRINGS_H
| # include <strings.h>
| #endif
| #ifdef HAVE_INTTYPES_H
| # include <inttypes.h>
| #endif
| #ifdef HAVE_STDINT_H
| # include <stdint.h>
| #endif
| #ifdef HAVE_UNISTD_H
| # include <unistd.h>
| #endif
| int
| main ()
| {
| if (sizeof ((size_t)))
| 	    return 0;
|   ;
|   return 0;
| }
configure:8432: result: yes
configure:8443: checking for uid_t in sys/types.h
configure:8462: result: yes
configure:8473: checking type of array argument to getgroups
configure:8507: gcc -o conftest -g -O2 -DNDEBUG   conftest.c  >&5
configure:8507: $? = 0
configure:8507: ./conftest
configure:8507: $? = 0
configure:8532: result: gid_t
configure:8541: checking for long long int
configure:8578: gcc -o conftest -g -O2 -DNDEBUG   conftest.c  >&5
configure:8578: $? = 0
configure:8608: gcc -o conftest -g -O2 -DNDEBUG   conftest.c  >&5
configure:8608: $? = 0
configure:8608: ./conftest
configure:8608: $? = 0
configure:8623: result: yes
configure:8632: checking for unsigned long long int
configure:8669: gcc -o conftest -g -O2 -DNDEBUG   conftest.c  >&5
configure:8669: $? = 0
configure:8677: result: yes
configure:8687: checking for intmax_t
configure:8687: gcc -c -g -O2 -DNDEBUG  conftest.c >&5
configure:8687: $? = 0
configure:8687: gcc -c -g -O2 -DNDEBUG  conftest.c >&5
conftest.c: In function 'main':
conftest.c:97:23: error: expected expression before ')' token
 if (sizeof ((intmax_t)))
                       ^
configure:8687: $? = 1
configure: failed program was:
| /* confdefs.h */
| #define PACKAGE_NAME "GNU Awk"
| #define PACKAGE_TARNAME "gawk"
| #define PACKAGE_VERSION "4.1.0"
| #define PACKAGE_STRING "GNU Awk 4.1.0"
| #define PACKAGE_BUGREPORT "bug-gawk@gnu.org"
| #define PACKAGE_URL "http://www.gnu.org/software/gawk/"
| #define PACKAGE "gawk"
| #define VERSION "4.1.0"
| #define STDC_HEADERS 1
| #define HAVE_SYS_TYPES_H 1
| #define HAVE_SYS_STAT_H 1
| #define HAVE_STDLIB_H 1
| #define HAVE_STRING_H 1
| #define HAVE_MEMORY_H 1
| #define HAVE_STRINGS_H 1
| #define HAVE_INTTYPES_H 1
| #define HAVE_STDINT_H 1
| #define HAVE_UNISTD_H 1
| #define __EXTENSIONS__ 1
| #define _ALL_SOURCE 1
| #define _GNU_SOURCE 1
| #define _POSIX_PTHREAD_SEMANTICS 1
| #define _TANDEM_SOURCE 1
| #define ENABLE_NLS 1
| #define HAVE_GETTEXT 1
| #define HAVE_DCGETTEXT 1
| #define HAVE_LANGINFO_CODESET 1
| #define HAVE_LC_MESSAGES 1
| #define STDC_HEADERS 1
| #define HAVE__BOOL 1
| #define HAVE_STDBOOL_H 1
| #define HAVE_SYS_WAIT_H 1
| #define TIME_WITH_SYS_TIME 1
| #define HAVE_ARPA_INET_H 1
| #define HAVE_FCNTL_H 1
| #define HAVE_LIMITS_H 1
| #define HAVE_LOCALE_H 1
| #define HAVE_LIBINTL_H 1
| #define HAVE_MCHECK_H 1
| #define HAVE_NETDB_H 1
| #define HAVE_NETINET_IN_H 1
| #define HAVE_STDARG_H 1
| #define HAVE_STDDEF_H 1
| #define HAVE_STRING_H 1
| #define HAVE_SYS_IOCTL_H 1
| #define HAVE_SYS_PARAM_H 1
| #define HAVE_SYS_SOCKET_H 1
| #define HAVE_SYS_TIME_H 1
| #define HAVE_UNISTD_H 1
| #define HAVE_TERMIOS_H 1
| #define HAVE_STROPTS_H 1
| #define HAVE_WCHAR_H 1
| #define HAVE_WCTYPE_H 1
| #define HAVE_MEMORY_H 1
| #define RETSIGTYPE void
| #define GETGROUPS_T gid_t
| #define HAVE_LONG_LONG_INT 1
| #define HAVE_UNSIGNED_LONG_LONG_INT 1
| /* end confdefs.h.  */
| #include <stdio.h>
| #ifdef HAVE_SYS_TYPES_H
| # include <sys/types.h>
| #endif
| #ifdef HAVE_SYS_STAT_H
| # include <sys/stat.h>
| #endif
| #ifdef STDC_HEADERS
| # include <stdlib.h>
| # include <stddef.h>
| #else
| # ifdef HAVE_STDLIB_H
| #  include <stdlib.h>
| # endif
| #endif
| #ifdef HAVE_STRING_H
| # if !defined STDC_HEADERS && defined HAVE_MEMORY_H
| #  include <memory.h>
| # endif
| # include <string.h>
| #endif
| #ifdef HAVE_STRINGS_H
| # include <strings.h>
| #endif
| #ifdef HAVE_INTTYPES_H
| # include <inttypes.h>
| #endif
| #ifdef HAVE_STDINT_H
| # include <stdint.h>
| #endif
| #ifdef HAVE_UNISTD_H
| # include <unistd.h>
| #endif
| int
| main ()
| {
| if (sizeof ((intmax_t)))
| 	    return 0;
|   ;
|   return 0;
| }
configure:8687: result: yes
configure:8706: checking for uintmax_t
configure:8706: gcc -c -g -O2 -DNDEBUG  conftest.c >&5
configure:8706: $? = 0
configure:8706: gcc -c -g -O2 -DNDEBUG  conftest.c >&5
conftest.c: In function 'main':
conftest.c:98:24: error: expected expression before ')' token
 if (sizeof ((uintmax_t)))
                        ^
configure:8706: $? = 1
configure: failed program was:
| /* confdefs.h */
| #define PACKAGE_NAME "GNU Awk"
| #define PACKAGE_TARNAME "gawk"
| #define PACKAGE_VERSION "4.1.0"
| #define PACKAGE_STRING "GNU Awk 4.1.0"
| #define PACKAGE_BUGREPORT "bug-gawk@gnu.org"
| #define PACKAGE_URL "http://www.gnu.org/software/gawk/"
| #define PACKAGE "gawk"
| #define VERSION "4.1.0"
| #define STDC_HEADERS 1
| #define HAVE_SYS_TYPES_H 1
| #define HAVE_SYS_STAT_H 1
| #define HAVE_STDLIB_H 1
| #define HAVE_STRING_H 1
| #define HAVE_MEMORY_H 1
| #define HAVE_STRINGS_H 1
| #define HAVE_INTTYPES_H 1
| #define HAVE_STDINT_H 1
| #define HAVE_UNISTD_H 1
| #define __EXTENSIONS__ 1
| #define _ALL_SOURCE 1
| #define _GNU_SOURCE 1
| #define _POSIX_PTHREAD_SEMANTICS 1
| #define _TANDEM_SOURCE 1
| #define ENABLE_NLS 1
| #define HAVE_GETTEXT 1
| #define HAVE_DCGETTEXT 1
| #define HAVE_LANGINFO_CODESET 1
| #define HAVE_LC_MESSAGES 1
| #define STDC_HEADERS 1
| #define HAVE__BOOL 1
| #define HAVE_STDBOOL_H 1
| #define HAVE_SYS_WAIT_H 1
| #define TIME_WITH_SYS_TIME 1
| #define HAVE_ARPA_INET_H 1
| #define HAVE_FCNTL_H 1
| #define HAVE_LIMITS_H 1
| #define HAVE_LOCALE_H 1
| #define HAVE_LIBINTL_H 1
| #define HAVE_MCHECK_H 1
| #define HAVE_NETDB_H 1
| #define HAVE_NETINET_IN_H 1
| #define HAVE_STDARG_H 1
| #define HAVE_STDDEF_H 1
| #define HAVE_STRING_H 1
| #define HAVE_SYS_IOCTL_H 1
| #define HAVE_SYS_PARAM_H 1
| #define HAVE_SYS_SOCKET_H 1
| #define HAVE_SYS_TIME_H 1
| #define HAVE_UNISTD_H 1
| #define HAVE_TERMIOS_H 1
| #define HAVE_STROPTS_H 1
| #define HAVE_WCHAR_H 1
| #define HAVE_WCTYPE_H 1
| #define HAVE_MEMORY_H 1
| #define RETSIGTYPE void
| #define GETGROUPS_T gid_t
| #define HAVE_LONG_LONG_INT 1
| #define HAVE_UNSIGNED_LONG_LONG_INT 1
| #define HAVE_INTMAX_T 1
| /* end confdefs.h.  */
| #include <stdio.h>
| #ifdef HAVE_SYS_TYPES_H
| # include <sys/types.h>
| #endif
| #ifdef HAVE_SYS_STAT_H
| # include <sys/stat.h>
| #endif
| #ifdef STDC_HEADERS
| # include <stdlib.h>
| # include <stddef.h>
| #else
| # ifdef HAVE_STDLIB_H
| #  include <stdlib.h>
| # endif
| #endif
| #ifdef HAVE_STRING_H
| # if !defined STDC_HEADERS && defined HAVE_MEMORY_H
| #  include <memory.h>
| # endif
| # include <string.h>
| #endif
| #ifdef HAVE_STRINGS_H
| # include <strings.h>
| #endif
| #ifdef HAVE_INTTYPES_H
| # include <inttypes.h>
| #endif
| #ifdef HAVE_STDINT_H
| # include <stdint.h>
| #endif
| #ifdef HAVE_UNISTD_H
| # include <unistd.h>
| #endif
| int
| main ()
| {
| if (sizeof ((uintmax_t)))
| 	    return 0;
|   ;
|   return 0;
| }
configure:8706: result: yes
configure:8723: checking for ssize_t
configure:8723: gcc -c -g -O2 -DNDEBUG  conftest.c >&5
configure:8723: $? = 0
configure:8723: gcc -c -g -O2 -DNDEBUG  conftest.c >&5
conftest.c: In function 'main':
conftest.c:99:22: error: expected expression before ')' token
 if (sizeof ((ssize_t)))
                      ^
configure:8723: $? = 1
configure: failed program was:
| /* confdefs.h */
| #define PACKAGE_NAME "GNU Awk"
| #define PACKAGE_TARNAME "gawk"
| #define PACKAGE_VERSION "4.1.0"
| #define PACKAGE_STRING "GNU Awk 4.1.0"
| #define PACKAGE_BUGREPORT "bug-gawk@gnu.org"
| #define PACKAGE_URL "http://www.gnu.org/software/gawk/"
| #define PACKAGE "gawk"
| #define VERSION "4.1.0"
| #define STDC_HEADERS 1
| #define HAVE_SYS_TYPES_H 1
| #define HAVE_SYS_STAT_H 1
| #define HAVE_STDLIB_H 1
| #define HAVE_STRING_H 1
| #define HAVE_MEMORY_H 1
| #define HAVE_STRINGS_H 1
| #define HAVE_INTTYPES_H 1
| #define HAVE_STDINT_H 1
| #define HAVE_UNISTD_H 1
| #define __EXTENSIONS__ 1
| #define _ALL_SOURCE 1
| #define _GNU_SOURCE 1
| #define _POSIX_PTHREAD_SEMANTICS 1
| #define _TANDEM_SOURCE 1
| #define ENABLE_NLS 1
| #define HAVE_GETTEXT 1
| #define HAVE_DCGETTEXT 1
| #define HAVE_LANGINFO_CODESET 1
| #define HAVE_LC_MESSAGES 1
| #define STDC_HEADERS 1
| #define HAVE__BOOL 1
| #define HAVE_STDBOOL_H 1
| #define HAVE_SYS_WAIT_H 1
| #define TIME_WITH_SYS_TIME 1
| #define HAVE_ARPA_INET_H 1
| #define HAVE_FCNTL_H 1
| #define HAVE_LIMITS_H 1
| #define HAVE_LOCALE_H 1
| #define HAVE_LIBINTL_H 1
| #define HAVE_MCHECK_H 1
| #define HAVE_NETDB_H 1
| #define HAVE_NETINET_IN_H 1
| #define HAVE_STDARG_H 1
| #define HAVE_STDDEF_H 1
| #define HAVE_STRING_H 1
| #define HAVE_SYS_IOCTL_H 1
| #define HAVE_SYS_PARAM_H 1
| #define HAVE_SYS_SOCKET_H 1
| #define HAVE_SYS_TIME_H 1
| #define HAVE_UNISTD_H 1
| #define HAVE_TERMIOS_H 1
| #define HAVE_STROPTS_H 1
| #define HAVE_WCHAR_H 1
| #define HAVE_WCTYPE_H 1
| #define HAVE_MEMORY_H 1
| #define RETSIGTYPE void
| #define GETGROUPS_T gid_t
| #define HAVE_LONG_LONG_INT 1
| #define HAVE_UNSIGNED_LONG_LONG_INT 1
| #define HAVE_INTMAX_T 1
| #define HAVE_UINTMAX_T 1
| /* end confdefs.h.  */
| #include <stdio.h>
| #ifdef HAVE_SYS_TYPES_H
| # include <sys/types.h>
| #endif
| #ifdef HAVE_SYS_STAT_H
| # include <sys/stat.h>
| #endif
| #ifdef STDC_HEADERS
| # include <stdlib.h>
| # include <stddef.h>
| #else
| # ifdef HAVE_STDLIB_H
| #  include <stdlib.h>
| # endif
| #endif
| #ifdef HAVE_STRING_H
| # if !defined STDC_HEADERS && defined HAVE_MEMORY_H
| #  include <memory.h>
| # endif
| # include <string.h>
| #endif
| #ifdef HAVE_STRINGS_H
| # include <strings.h>
| #endif
| #ifdef HAVE_INTTYPES_H
| # include <inttypes.h>
| #endif
| #ifdef HAVE_STDINT_H
| # include <stdint.h>
| #endif
| #ifdef HAVE_UNISTD_H
| # include <unistd.h>
| #endif
| int
| main ()
| {
| if (sizeof ((ssize_t)))
| 	    return 0;
|   ;
|   return 0;
| }
configure:8723: result: yes
configure:8738: checking size of unsigned int
configure:8743: gcc -o conftest -g -O2 -DNDEBUG   conftest.c  >&5
configure:8743: $? = 0
configure:8743: ./conftest
configure:8743: $? = 0
configure:8757: result: 4
configure:8771: checking size of unsigned long
configure:8776: gcc -o conftest -g -O2 -DNDEBUG   conftest.c  >&5
configure:8776: $? = 0
configure:8776: ./conftest
configure:8776: $? = 0
configure:8790: result: 8
configure:8814: gcc -c -g -O2 -DNDEBUG  conftest.c >&5
configure:8814: $? = 0
configure:8834: gcc -c -g -O2 -DNDEBUG  conftest.c >&5
configure:8834: $? = 0
configure:8854: gcc -c -g -O2 -DNDEBUG  conftest.c >&5
configure:8854: $? = 0
configure:8874: gcc -c -g -O2 -DNDEBUG  conftest.c >&5
configure:8874: $? = 0
configure:8886: checking for socklen_t
configure:8886: gcc -c -g -O2 -DNDEBUG  conftest.c >&5
configure:8886: $? = 0
configure:8886: gcc -c -g -O2 -DNDEBUG  conftest.c >&5
conftest.c: In function 'main':
conftest.c:75:24: error: expected expression before ')' token
 if (sizeof ((socklen_t)))
                        ^
configure:8886: $? = 1
configure: failed program was:
| /* confdefs.h */
| #define PACKAGE_NAME "GNU Awk"
| #define PACKAGE_TARNAME "gawk"
| #define PACKAGE_VERSION "4.1.0"
| #define PACKAGE_STRING "GNU Awk 4.1.0"
| #define PACKAGE_BUGREPORT "bug-gawk@gnu.org"
| #define PACKAGE_URL "http://www.gnu.org/software/gawk/"
| #define PACKAGE "gawk"
| #define VERSION "4.1.0"
| #define STDC_HEADERS 1
| #define HAVE_SYS_TYPES_H 1
| #define HAVE_SYS_STAT_H 1
| #define HAVE_STDLIB_H 1
| #define HAVE_STRING_H 1
| #define HAVE_MEMORY_H 1
| #define HAVE_STRINGS_H 1
| #define HAVE_INTTYPES_H 1
| #define HAVE_STDINT_H 1
| #define HAVE_UNISTD_H 1
| #define __EXTENSIONS__ 1
| #define _ALL_SOURCE 1
| #define _GNU_SOURCE 1
| #define _POSIX_PTHREAD_SEMANTICS 1
| #define _TANDEM_SOURCE 1
| #define ENABLE_NLS 1
| #define HAVE_GETTEXT 1
| #define HAVE_DCGETTEXT 1
| #define HAVE_LANGINFO_CODESET 1
| #define HAVE_LC_MESSAGES 1
| #define STDC_HEADERS 1
| #define HAVE__BOOL 1
| #define HAVE_STDBOOL_H 1
| #define HAVE_SYS_WAIT_H 1
| #define TIME_WITH_SYS_TIME 1
| #define HAVE_ARPA_INET_H 1
| #define HAVE_FCNTL_H 1
| #define HAVE_LIMITS_H 1
| #define HAVE_LOCALE_H 1
| #define HAVE_LIBINTL_H 1
| #define HAVE_MCHECK_H 1
| #define HAVE_NETDB_H 1
| #define HAVE_NETINET_IN_H 1
| #define HAVE_STDARG_H 1
| #define HAVE_STDDEF_H 1
| #define HAVE_STRING_H 1
| #define HAVE_SYS_IOCTL_H 1
| #define HAVE_SYS_PARAM_H 1
| #define HAVE_SYS_SOCKET_H 1
| #define HAVE_SYS_TIME_H 1
| #define HAVE_UNISTD_H 1
| #define HAVE_TERMIOS_H 1
| #define HAVE_STROPTS_H 1
| #define HAVE_WCHAR_H 1
| #define HAVE_WCTYPE_H 1
| #define HAVE_MEMORY_H 1
| #define RETSIGTYPE void
| #define GETGROUPS_T gid_t
| #define HAVE_LONG_LONG_INT 1
| #define HAVE_UNSIGNED_LONG_LONG_INT 1
| #define HAVE_INTMAX_T 1
| #define HAVE_UINTMAX_T 1
| #define SIZEOF_UNSIGNED_INT 4
| #define SIZEOF_UNSIGNED_LONG 8
| #define TIME_T_IN_SYS_TYPES_H 1
| #define HAVE_WCTYPE_T 1
| #define HAVE_WINT_T 1
| #define HAVE_SOCKADDR_STORAGE 1
| /* end confdefs.h.  */
| #include <sys/types.h>
| #include <sys/socket.h>
| 
| int
| main ()
| {
| if (sizeof ((socklen_t)))
| 	    return 0;
|   ;
|   return 0;
| }
configure:8886: result: yes
configure:8954: checking for vprintf
configure:8954: gcc -o conftest -g -O2 -DNDEBUG   conftest.c  >&5
conftest.c:92:6: warning: conflicting types for built-in function 'vprintf' [enabled by default]
 char vprintf ();
      ^
configure:8954: $? = 0
configure:8954: result: yes
configure:8960: checking for _doprnt
configure:8960: gcc -o conftest -g -O2 -DNDEBUG   conftest.c  >&5
/tmp/ccdQXt7n.o: In function `main':
/home/localadmin/programs/myga/gawk/src/conftest.c:104: undefined reference to `_doprnt'
collect2: error: ld returned 1 exit status
configure:8960: $? = 1
configure: failed program was:
| /* confdefs.h */
| #define PACKAGE_NAME "GNU Awk"
| #define PACKAGE_TARNAME "gawk"
| #define PACKAGE_VERSION "4.1.0"
| #define PACKAGE_STRING "GNU Awk 4.1.0"
| #define PACKAGE_BUGREPORT "bug-gawk@gnu.org"
| #define PACKAGE_URL "http://www.gnu.org/software/gawk/"
| #define PACKAGE "gawk"
| #define VERSION "4.1.0"
| #define STDC_HEADERS 1
| #define HAVE_SYS_TYPES_H 1
| #define HAVE_SYS_STAT_H 1
| #define HAVE_STDLIB_H 1
| #define HAVE_STRING_H 1
| #define HAVE_MEMORY_H 1
| #define HAVE_STRINGS_H 1
| #define HAVE_INTTYPES_H 1
| #define HAVE_STDINT_H 1
| #define HAVE_UNISTD_H 1
| #define __EXTENSIONS__ 1
| #define _ALL_SOURCE 1
| #define _GNU_SOURCE 1
| #define _POSIX_PTHREAD_SEMANTICS 1
| #define _TANDEM_SOURCE 1
| #define ENABLE_NLS 1
| #define HAVE_GETTEXT 1
| #define HAVE_DCGETTEXT 1
| #define HAVE_LANGINFO_CODESET 1
| #define HAVE_LC_MESSAGES 1
| #define STDC_HEADERS 1
| #define HAVE__BOOL 1
| #define HAVE_STDBOOL_H 1
| #define HAVE_SYS_WAIT_H 1
| #define TIME_WITH_SYS_TIME 1
| #define HAVE_ARPA_INET_H 1
| #define HAVE_FCNTL_H 1
| #define HAVE_LIMITS_H 1
| #define HAVE_LOCALE_H 1
| #define HAVE_LIBINTL_H 1
| #define HAVE_MCHECK_H 1
| #define HAVE_NETDB_H 1
| #define HAVE_NETINET_IN_H 1
| #define HAVE_STDARG_H 1
| #define HAVE_STDDEF_H 1
| #define HAVE_STRING_H 1
| #define HAVE_SYS_IOCTL_H 1
| #define HAVE_SYS_PARAM_H 1
| #define HAVE_SYS_SOCKET_H 1
| #define HAVE_SYS_TIME_H 1
| #define HAVE_UNISTD_H 1
| #define HAVE_TERMIOS_H 1
| #define HAVE_STROPTS_H 1
| #define HAVE_WCHAR_H 1
| #define HAVE_WCTYPE_H 1
| #define HAVE_MEMORY_H 1
| #define RETSIGTYPE void
| #define GETGROUPS_T gid_t
| #define HAVE_LONG_LONG_INT 1
| #define HAVE_UNSIGNED_LONG_LONG_INT 1
| #define HAVE_INTMAX_T 1
| #define HAVE_UINTMAX_T 1
| #define SIZEOF_UNSIGNED_INT 4
| #define SIZEOF_UNSIGNED_LONG 8
| #define TIME_T_IN_SYS_TYPES_H 1
| #define HAVE_WCTYPE_T 1
| #define HAVE_WINT_T 1
| #define HAVE_SOCKADDR_STORAGE 1
| #define HAVE_VPRINTF 1
| /* end confdefs.h.  */
| /* Define _doprnt to an innocuous variant, in case <limits.h> declares _doprnt.
|    For example, HP-UX 11i <limits.h> declares gettimeofday.  */
| #define _doprnt innocuous__doprnt
| 
| /* System header to define __stub macros and hopefully few prototypes,
|     which can conflict with char _doprnt (); below.
|     Prefer <limits.h> to <assert.h> if __STDC__ is defined, since
|     <limits.h> exists even on freestanding compilers.  */
| 
| #ifdef __STDC__
| # include <limits.h>
| #else
| # include <assert.h>
| #endif
| 
| #undef _doprnt
| 
| /* Override any GCC internal prototype to avoid an error.
|    Use char because int might match the return type of a GCC
|    builtin and then its argument prototype would still apply.  */
| #ifdef __cplusplus
| extern "C"
| #endif
| char _doprnt ();
| /* The GNU C library defines this for functions which it implements
|     to always fail with ENOSYS.  Some functions are actually named
|     something starting with __ and the normal name is an alias.  */
| #if defined __stub__doprnt || defined __stub____doprnt
| choke me
| #endif
| 
| int
| main ()
| {
| return _doprnt ();
|   ;
|   return 0;
| }
configure:8960: result: no
configure:8977: checking for sys/time.h
configure:8977: result: yes
configure:8977: checking for unistd.h
configure:8977: result: yes
configure:8998: checking for alarm
configure:8998: gcc -o conftest -g -O2 -DNDEBUG   conftest.c  >&5
configure:8998: $? = 0
configure:8998: result: yes
configure:9011: checking for working mktime
configure:9213: gcc -o conftest -g -O2 -DNDEBUG   conftest.c  >&5
configure:9213: $? = 0
configure:9213: ./conftest
configure:9213: $? = 0
configure:9223: result: yes
configure:9241: checking for getaddrinfo
configure:9241: gcc -o conftest -g -O2 -DNDEBUG   conftest.c  >&5
configure:9241: $? = 0
configure:9241: result: yes
configure:9292: checking for fmod in -lm
configure:9317: gcc -o conftest -g -O2 -DNDEBUG   conftest.c -lm   >&5
conftest.c:82:6: warning: conflicting types for built-in function 'fmod' [enabled by default]
 char fmod ();
      ^
configure:9317: $? = 0
configure:9326: result: yes
configure:9337: checking for isinf in -lm
configure:9362: gcc -o conftest -g -O2 -DNDEBUG   conftest.c -lm  -lm  >&5
conftest.c:83:6: warning: conflicting types for built-in function 'isinf' [enabled by default]
 char isinf ();
      ^
configure:9362: $? = 0
configure:9371: result: yes
configure:9382: checking for ismod in -lm
configure:9407: gcc -o conftest -g -O2 -DNDEBUG   conftest.c -lm  -lm -lm  >&5
/tmp/ccxO7nyN.o: In function `main':
/home/localadmin/programs/myga/gawk/src/conftest.c:88: undefined reference to `ismod'
collect2: error: ld returned 1 exit status
configure:9407: $? = 1
configure: failed program was:
| /* confdefs.h */
| #define PACKAGE_NAME "GNU Awk"
| #define PACKAGE_TARNAME "gawk"
| #define PACKAGE_VERSION "4.1.0"
| #define PACKAGE_STRING "GNU Awk 4.1.0"
| #define PACKAGE_BUGREPORT "bug-gawk@gnu.org"
| #define PACKAGE_URL "http://www.gnu.org/software/gawk/"
| #define PACKAGE "gawk"
| #define VERSION "4.1.0"
| #define STDC_HEADERS 1
| #define HAVE_SYS_TYPES_H 1
| #define HAVE_SYS_STAT_H 1
| #define HAVE_STDLIB_H 1
| #define HAVE_STRING_H 1
| #define HAVE_MEMORY_H 1
| #define HAVE_STRINGS_H 1
| #define HAVE_INTTYPES_H 1
| #define HAVE_STDINT_H 1
| #define HAVE_UNISTD_H 1
| #define __EXTENSIONS__ 1
| #define _ALL_SOURCE 1
| #define _GNU_SOURCE 1
| #define _POSIX_PTHREAD_SEMANTICS 1
| #define _TANDEM_SOURCE 1
| #define ENABLE_NLS 1
| #define HAVE_GETTEXT 1
| #define HAVE_DCGETTEXT 1
| #define HAVE_LANGINFO_CODESET 1
| #define HAVE_LC_MESSAGES 1
| #define STDC_HEADERS 1
| #define HAVE__BOOL 1
| #define HAVE_STDBOOL_H 1
| #define HAVE_SYS_WAIT_H 1
| #define TIME_WITH_SYS_TIME 1
| #define HAVE_ARPA_INET_H 1
| #define HAVE_FCNTL_H 1
| #define HAVE_LIMITS_H 1
| #define HAVE_LOCALE_H 1
| #define HAVE_LIBINTL_H 1
| #define HAVE_MCHECK_H 1
| #define HAVE_NETDB_H 1
| #define HAVE_NETINET_IN_H 1
| #define HAVE_STDARG_H 1
| #define HAVE_STDDEF_H 1
| #define HAVE_STRING_H 1
| #define HAVE_SYS_IOCTL_H 1
| #define HAVE_SYS_PARAM_H 1
| #define HAVE_SYS_SOCKET_H 1
| #define HAVE_SYS_TIME_H 1
| #define HAVE_UNISTD_H 1
| #define HAVE_TERMIOS_H 1
| #define HAVE_STROPTS_H 1
| #define HAVE_WCHAR_H 1
| #define HAVE_WCTYPE_H 1
| #define HAVE_MEMORY_H 1
| #define RETSIGTYPE void
| #define GETGROUPS_T gid_t
| #define HAVE_LONG_LONG_INT 1
| #define HAVE_UNSIGNED_LONG_LONG_INT 1
| #define HAVE_INTMAX_T 1
| #define HAVE_UINTMAX_T 1
| #define SIZEOF_UNSIGNED_INT 4
| #define SIZEOF_UNSIGNED_LONG 8
| #define TIME_T_IN_SYS_TYPES_H 1
| #define HAVE_WCTYPE_T 1
| #define HAVE_WINT_T 1
| #define HAVE_SOCKADDR_STORAGE 1
| #define HAVE_VPRINTF 1
| #define HAVE_SYS_TIME_H 1
| #define HAVE_UNISTD_H 1
| #define HAVE_ALARM 1
| #define HAVE_MKTIME 1
| #define HAVE_GETADDRINFO 1
| #define HAVE_LIBM 1
| #define HAVE_LIBM 1
| /* end confdefs.h.  */
| 
| /* Override any GCC internal prototype to avoid an error.
|    Use char because int might match the return type of a GCC
|    builtin and then its argument prototype would still apply.  */
| #ifdef __cplusplus
| extern "C"
| #endif
| char ismod ();
| int
| main ()
| {
| return ismod ();
|   ;
|   return 0;
| }
configure:9416: result: no
configure:9444: checking for atexit
configure:9444: gcc -o conftest -g -O2 -DNDEBUG   conftest.c -lm -lm  >&5
configure:9444: $? = 0
configure:9444: result: yes
configure:9444: checking for btowc
configure:9444: gcc -o conftest -g -O2 -DNDEBUG   conftest.c -lm -lm  >&5
configure:9444: $? = 0
configure:9444: result: yes
configure:9444: checking for fmod
configure:9444: gcc -o conftest -g -O2 -DNDEBUG   conftest.c -lm -lm  >&5
conftest.c:102:6: warning: conflicting types for built-in function 'fmod' [enabled by default]
 char fmod ();
      ^
configure:9444: $? = 0
configure:9444: result: yes
configure:9444: checking for getgrent
configure:9444: gcc -o conftest -g -O2 -DNDEBUG   conftest.c -lm -lm  >&5
configure:9444: $? = 0
configure:9444: result: yes
configure:9444: checking for getgroups
configure:9444: gcc -o conftest -g -O2 -DNDEBUG   conftest.c -lm -lm  >&5
configure:9444: $? = 0
configure:9444: result: yes
configure:9444: checking for grantpt
configure:9444: gcc -o conftest -g -O2 -DNDEBUG   conftest.c -lm -lm  >&5
configure:9444: $? = 0
configure:9444: result: yes
configure:9444: checking for isascii
configure:9444: gcc -o conftest -g -O2 -DNDEBUG   conftest.c -lm -lm  >&5
conftest.c:106:6: warning: conflicting types for built-in function 'isascii' [enabled by default]
 char isascii ();
      ^
configure:9444: $? = 0
configure:9444: result: yes
configure:9444: checking for iswctype
configure:9444: gcc -o conftest -g -O2 -DNDEBUG   conftest.c -lm -lm  >&5
configure:9444: $? = 0
configure:9444: result: yes
configure:9444: checking for iswlower
configure:9444: gcc -o conftest -g -O2 -DNDEBUG   conftest.c -lm -lm  >&5
conftest.c:108:6: warning: conflicting types for built-in function 'iswlower' [enabled by default]
 char iswlower ();
      ^
configure:9444: $? = 0
configure:9444: result: yes
configure:9444: checking for iswupper
configure:9444: gcc -o conftest -g -O2 -DNDEBUG   conftest.c -lm -lm  >&5
conftest.c:109:6: warning: conflicting types for built-in function 'iswupper' [enabled by default]
 char iswupper ();
      ^
configure:9444: $? = 0
configure:9444: result: yes
configure:9444: checking for mbrlen
configure:9444: gcc -o conftest -g -O2 -DNDEBUG   conftest.c -lm -lm  >&5
configure:9444: $? = 0
configure:9444: result: yes
configure:9444: checking for memcmp
configure:9444: gcc -o conftest -g -O2 -DNDEBUG   conftest.c -lm -lm  >&5
conftest.c:111:6: warning: conflicting types for built-in function 'memcmp' [enabled by default]
 char memcmp ();
      ^
configure:9444: $? = 0
configure:9444: result: yes
configure:9444: checking for memcpy
configure:9444: gcc -o conftest -g -O2 -DNDEBUG   conftest.c -lm -lm  >&5
conftest.c:112:6: warning: conflicting types for built-in function 'memcpy' [enabled by default]
 char memcpy ();
      ^
configure:9444: $? = 0
configure:9444: result: yes
configure:9444: checking for memcpy_ulong
configure:9444: gcc -o conftest -g -O2 -DNDEBUG   conftest.c -lm -lm  >&5
/tmp/ccFKR4yA.o: In function `main':
/home/localadmin/programs/myga/gawk/src/conftest.c:124: undefined reference to `memcpy_ulong'
collect2: error: ld returned 1 exit status
configure:9444: $? = 1
configure: failed program was:
| /* confdefs.h */
| #define PACKAGE_NAME "GNU Awk"
| #define PACKAGE_TARNAME "gawk"
| #define PACKAGE_VERSION "4.1.0"
| #define PACKAGE_STRING "GNU Awk 4.1.0"
| #define PACKAGE_BUGREPORT "bug-gawk@gnu.org"
| #define PACKAGE_URL "http://www.gnu.org/software/gawk/"
| #define PACKAGE "gawk"
| #define VERSION "4.1.0"
| #define STDC_HEADERS 1
| #define HAVE_SYS_TYPES_H 1
| #define HAVE_SYS_STAT_H 1
| #define HAVE_STDLIB_H 1
| #define HAVE_STRING_H 1
| #define HAVE_MEMORY_H 1
| #define HAVE_STRINGS_H 1
| #define HAVE_INTTYPES_H 1
| #define HAVE_STDINT_H 1
| #define HAVE_UNISTD_H 1
| #define __EXTENSIONS__ 1
| #define _ALL_SOURCE 1
| #define _GNU_SOURCE 1
| #define _POSIX_PTHREAD_SEMANTICS 1
| #define _TANDEM_SOURCE 1
| #define ENABLE_NLS 1
| #define HAVE_GETTEXT 1
| #define HAVE_DCGETTEXT 1
| #define HAVE_LANGINFO_CODESET 1
| #define HAVE_LC_MESSAGES 1
| #define STDC_HEADERS 1
| #define HAVE__BOOL 1
| #define HAVE_STDBOOL_H 1
| #define HAVE_SYS_WAIT_H 1
| #define TIME_WITH_SYS_TIME 1
| #define HAVE_ARPA_INET_H 1
| #define HAVE_FCNTL_H 1
| #define HAVE_LIMITS_H 1
| #define HAVE_LOCALE_H 1
| #define HAVE_LIBINTL_H 1
| #define HAVE_MCHECK_H 1
| #define HAVE_NETDB_H 1
| #define HAVE_NETINET_IN_H 1
| #define HAVE_STDARG_H 1
| #define HAVE_STDDEF_H 1
| #define HAVE_STRING_H 1
| #define HAVE_SYS_IOCTL_H 1
| #define HAVE_SYS_PARAM_H 1
| #define HAVE_SYS_SOCKET_H 1
| #define HAVE_SYS_TIME_H 1
| #define HAVE_UNISTD_H 1
| #define HAVE_TERMIOS_H 1
| #define HAVE_STROPTS_H 1
| #define HAVE_WCHAR_H 1
| #define HAVE_WCTYPE_H 1
| #define HAVE_MEMORY_H 1
| #define RETSIGTYPE void
| #define GETGROUPS_T gid_t
| #define HAVE_LONG_LONG_INT 1
| #define HAVE_UNSIGNED_LONG_LONG_INT 1
| #define HAVE_INTMAX_T 1
| #define HAVE_UINTMAX_T 1
| #define SIZEOF_UNSIGNED_INT 4
| #define SIZEOF_UNSIGNED_LONG 8
| #define TIME_T_IN_SYS_TYPES_H 1
| #define HAVE_WCTYPE_T 1
| #define HAVE_WINT_T 1
| #define HAVE_SOCKADDR_STORAGE 1
| #define HAVE_VPRINTF 1
| #define HAVE_SYS_TIME_H 1
| #define HAVE_UNISTD_H 1
| #define HAVE_ALARM 1
| #define HAVE_MKTIME 1
| #define HAVE_GETADDRINFO 1
| #define HAVE_LIBM 1
| #define HAVE_LIBM 1
| #define HAVE_ATEXIT 1
| #define HAVE_BTOWC 1
| #define HAVE_FMOD 1
| #define HAVE_GETGRENT 1
| #define HAVE_GETGROUPS 1
| #define HAVE_GRANTPT 1
| #define HAVE_ISASCII 1
| #define HAVE_ISWCTYPE 1
| #define HAVE_ISWLOWER 1
| #define HAVE_ISWUPPER 1
| #define HAVE_MBRLEN 1
| #define HAVE_MEMCMP 1
| #define HAVE_MEMCPY 1
| /* end confdefs.h.  */
| /* Define memcpy_ulong to an innocuous variant, in case <limits.h> declares memcpy_ulong.
|    For example, HP-UX 11i <limits.h> declares gettimeofday.  */
| #define memcpy_ulong innocuous_memcpy_ulong
| 
| /* System header to define __stub macros and hopefully few prototypes,
|     which can conflict with char memcpy_ulong (); below.
|     Prefer <limits.h> to <assert.h> if __STDC__ is defined, since
|     <limits.h> exists even on freestanding compilers.  */
| 
| #ifdef __STDC__
| # include <limits.h>
| #else
| # include <assert.h>
| #endif
| 
| #undef memcpy_ulong
| 
| /* Override any GCC internal prototype to avoid an error.
|    Use char because int might match the return type of a GCC
|    builtin and then its argument prototype would still apply.  */
| #ifdef __cplusplus
| extern "C"
| #endif
| char memcpy_ulong ();
| /* The GNU C library defines this for functions which it implements
|     to always fail with ENOSYS.  Some functions are actually named
|     something starting with __ and the normal name is an alias.  */
| #if defined __stub_memcpy_ulong || defined __stub___memcpy_ulong
| choke me
| #endif
| 
| int
| main ()
| {
| return memcpy_ulong ();
|   ;
|   return 0;
| }
configure:9444: result: no
configure:9444: checking for memmove
configure:9444: gcc -o conftest -g -O2 -DNDEBUG   conftest.c -lm -lm  >&5
conftest.c:113:6: warning: conflicting types for built-in function 'memmove' [enabled by default]
 char memmove ();
      ^
configure:9444: $? = 0
configure:9444: result: yes
configure:9444: checking for memset
configure:9444: gcc -o conftest -g -O2 -DNDEBUG   conftest.c -lm -lm  >&5
conftest.c:114:6: warning: conflicting types for built-in function 'memset' [enabled by default]
 char memset ();
      ^
configure:9444: $? = 0
configure:9444: result: yes
configure:9444: checking for memset_ulong
configure:9444: gcc -o conftest -g -O2 -DNDEBUG   conftest.c -lm -lm  >&5
/tmp/ccS6te4Q.o: In function `main':
/home/localadmin/programs/myga/gawk/src/conftest.c:126: undefined reference to `memset_ulong'
collect2: error: ld returned 1 exit status
configure:9444: $? = 1
configure: failed program was:
| /* confdefs.h */
| #define PACKAGE_NAME "GNU Awk"
| #define PACKAGE_TARNAME "gawk"
| #define PACKAGE_VERSION "4.1.0"
| #define PACKAGE_STRING "GNU Awk 4.1.0"
| #define PACKAGE_BUGREPORT "bug-gawk@gnu.org"
| #define PACKAGE_URL "http://www.gnu.org/software/gawk/"
| #define PACKAGE "gawk"
| #define VERSION "4.1.0"
| #define STDC_HEADERS 1
| #define HAVE_SYS_TYPES_H 1
| #define HAVE_SYS_STAT_H 1
| #define HAVE_STDLIB_H 1
| #define HAVE_STRING_H 1
| #define HAVE_MEMORY_H 1
| #define HAVE_STRINGS_H 1
| #define HAVE_INTTYPES_H 1
| #define HAVE_STDINT_H 1
| #define HAVE_UNISTD_H 1
| #define __EXTENSIONS__ 1
| #define _ALL_SOURCE 1
| #define _GNU_SOURCE 1
| #define _POSIX_PTHREAD_SEMANTICS 1
| #define _TANDEM_SOURCE 1
| #define ENABLE_NLS 1
| #define HAVE_GETTEXT 1
| #define HAVE_DCGETTEXT 1
| #define HAVE_LANGINFO_CODESET 1
| #define HAVE_LC_MESSAGES 1
| #define STDC_HEADERS 1
| #define HAVE__BOOL 1
| #define HAVE_STDBOOL_H 1
| #define HAVE_SYS_WAIT_H 1
| #define TIME_WITH_SYS_TIME 1
| #define HAVE_ARPA_INET_H 1
| #define HAVE_FCNTL_H 1
| #define HAVE_LIMITS_H 1
| #define HAVE_LOCALE_H 1
| #define HAVE_LIBINTL_H 1
| #define HAVE_MCHECK_H 1
| #define HAVE_NETDB_H 1
| #define HAVE_NETINET_IN_H 1
| #define HAVE_STDARG_H 1
| #define HAVE_STDDEF_H 1
| #define HAVE_STRING_H 1
| #define HAVE_SYS_IOCTL_H 1
| #define HAVE_SYS_PARAM_H 1
| #define HAVE_SYS_SOCKET_H 1
| #define HAVE_SYS_TIME_H 1
| #define HAVE_UNISTD_H 1
| #define HAVE_TERMIOS_H 1
| #define HAVE_STROPTS_H 1
| #define HAVE_WCHAR_H 1
| #define HAVE_WCTYPE_H 1
| #define HAVE_MEMORY_H 1
| #define RETSIGTYPE void
| #define GETGROUPS_T gid_t
| #define HAVE_LONG_LONG_INT 1
| #define HAVE_UNSIGNED_LONG_LONG_INT 1
| #define HAVE_INTMAX_T 1
| #define HAVE_UINTMAX_T 1
| #define SIZEOF_UNSIGNED_INT 4
| #define SIZEOF_UNSIGNED_LONG 8
| #define TIME_T_IN_SYS_TYPES_H 1
| #define HAVE_WCTYPE_T 1
| #define HAVE_WINT_T 1
| #define HAVE_SOCKADDR_STORAGE 1
| #define HAVE_VPRINTF 1
| #define HAVE_SYS_TIME_H 1
| #define HAVE_UNISTD_H 1
| #define HAVE_ALARM 1
| #define HAVE_MKTIME 1
| #define HAVE_GETADDRINFO 1
| #define HAVE_LIBM 1
| #define HAVE_LIBM 1
| #define HAVE_ATEXIT 1
| #define HAVE_BTOWC 1
| #define HAVE_FMOD 1
| #define HAVE_GETGRENT 1
| #define HAVE_GETGROUPS 1
| #define HAVE_GRANTPT 1
| #define HAVE_ISASCII 1
| #define HAVE_ISWCTYPE 1
| #define HAVE_ISWLOWER 1
| #define HAVE_ISWUPPER 1
| #define HAVE_MBRLEN 1
| #define HAVE_MEMCMP 1
| #define HAVE_MEMCPY 1
| #define HAVE_MEMMOVE 1
| #define HAVE_MEMSET 1
| /* end confdefs.h.  */
| /* Define memset_ulong to an innocuous variant, in case <limits.h> declares memset_ulong.
|    For example, HP-UX 11i <limits.h> declares gettimeofday.  */
| #define memset_ulong innocuous_memset_ulong
| 
| /* System header to define __stub macros and hopefully few prototypes,
|     which can conflict with char memset_ulong (); below.
|     Prefer <limits.h> to <assert.h> if __STDC__ is defined, since
|     <limits.h> exists even on freestanding compilers.  */
| 
| #ifdef __STDC__
| # include <limits.h>
| #else
| # include <assert.h>
| #endif
| 
| #undef memset_ulong
| 
| /* Override any GCC internal prototype to avoid an error.
|    Use char because int might match the return type of a GCC
|    builtin and then its argument prototype would still apply.  */
| #ifdef __cplusplus
| extern "C"
| #endif
| char memset_ulong ();
| /* The GNU C library defines this for functions which it implements
|     to always fail with ENOSYS.  Some functions are actually named
|     something starting with __ and the normal name is an alias.  */
| #if defined __stub_memset_ulong || defined __stub___memset_ulong
| choke me
| #endif
| 
| int
| main ()
| {
| return memset_ulong ();
|   ;
|   return 0;
| }
configure:9444: result: no
configure:9444: checking for mkstemp
configure:9444: gcc -o conftest -g -O2 -DNDEBUG   conftest.c -lm -lm  >&5
configure:9444: $? = 0
configure:9444: result: yes
configure:9444: checking for posix_openpt
configure:9444: gcc -o conftest -g -O2 -DNDEBUG   conftest.c -lm -lm  >&5
configure:9444: $? = 0
configure:9444: result: yes
configure:9444: checking for setenv
configure:9444: gcc -o conftest -g -O2 -DNDEBUG   conftest.c -lm -lm  >&5
configure:9444: $? = 0
configure:9444: result: yes
configure:9444: checking for setlocale
configure:9444: gcc -o conftest -g -O2 -DNDEBUG   conftest.c -lm -lm  >&5
configure:9444: $? = 0
configure:9444: result: yes
configure:9444: checking for setsid
configure:9444: gcc -o conftest -g -O2 -DNDEBUG   conftest.c -lm -lm  >&5
configure:9444: $? = 0
configure:9444: result: yes
configure:9444: checking for snprintf
configure:9444: gcc -o conftest -g -O2 -DNDEBUG   conftest.c -lm -lm  >&5
conftest.c:120:6: warning: conflicting types for built-in function 'snprintf' [enabled by default]
 char snprintf ();
      ^
configure:9444: $? = 0
configure:9444: result: yes
configure:9444: checking for strchr
configure:9444: gcc -o conftest -g -O2 -DNDEBUG   conftest.c -lm -lm  >&5
conftest.c:121:6: warning: conflicting types for built-in function 'strchr' [enabled by default]
 char strchr ();
      ^
configure:9444: $? = 0
configure:9444: result: yes
configure:9444: checking for strerror
configure:9444: gcc -o conftest -g -O2 -DNDEBUG   conftest.c -lm -lm  >&5
configure:9444: $? = 0
configure:9444: result: yes
configure:9444: checking for strftime
configure:9444: gcc -o conftest -g -O2 -DNDEBUG   conftest.c -lm -lm  >&5
conftest.c:123:6: warning: conflicting types for built-in function 'strftime' [enabled by default]
 char strftime ();
      ^
configure:9444: $? = 0
configure:9444: result: yes
configure:9444: checking for strncasecmp
configure:9444: gcc -o conftest -g -O2 -DNDEBUG   conftest.c -lm -lm  >&5
conftest.c:124:6: warning: conflicting types for built-in function 'strncasecmp' [enabled by default]
 char strncasecmp ();
      ^
configure:9444: $? = 0
configure:9444: result: yes
configure:9444: checking for strcoll
configure:9444: gcc -o conftest -g -O2 -DNDEBUG   conftest.c -lm -lm  >&5
configure:9444: $? = 0
configure:9444: result: yes
configure:9444: checking for strtod
configure:9444: gcc -o conftest -g -O2 -DNDEBUG   conftest.c -lm -lm  >&5
configure:9444: $? = 0
configure:9444: result: yes
configure:9444: checking for strtoul
configure:9444: gcc -o conftest -g -O2 -DNDEBUG   conftest.c -lm -lm  >&5
configure:9444: $? = 0
configure:9444: result: yes
configure:9444: checking for system
configure:9444: gcc -o conftest -g -O2 -DNDEBUG   conftest.c -lm -lm  >&5
configure:9444: $? = 0
configure:9444: result: yes
configure:9444: checking for tmpfile
configure:9444: gcc -o conftest -g -O2 -DNDEBUG   conftest.c -lm -lm  >&5
configure:9444: $? = 0
configure:9444: result: yes
configure:9444: checking for towlower
configure:9444: gcc -o conftest -g -O2 -DNDEBUG   conftest.c -lm -lm  >&5
conftest.c:130:6: warning: conflicting types for built-in function 'towlower' [enabled by default]
 char towlower ();
      ^
configure:9444: $? = 0
configure:9444: result: yes
configure:9444: checking for towupper
configure:9444: gcc -o conftest -g -O2 -DNDEBUG   conftest.c -lm -lm  >&5
conftest.c:131:6: warning: conflicting types for built-in function 'towupper' [enabled by default]
 char towupper ();
      ^
configure:9444: $? = 0
configure:9444: result: yes
configure:9444: checking for tzset
configure:9444: gcc -o conftest -g -O2 -DNDEBUG   conftest.c -lm -lm  >&5
configure:9444: $? = 0
configure:9444: result: yes
configure:9444: checking for usleep
configure:9444: gcc -o conftest -g -O2 -DNDEBUG   conftest.c -lm -lm  >&5
configure:9444: $? = 0
configure:9444: result: yes
configure:9444: checking for wcrtomb
configure:9444: gcc -o conftest -g -O2 -DNDEBUG   conftest.c -lm -lm  >&5
configure:9444: $? = 0
configure:9444: result: yes
configure:9444: checking for wcscoll
configure:9444: gcc -o conftest -g -O2 -DNDEBUG   conftest.c -lm -lm  >&5
configure:9444: $? = 0
configure:9444: result: yes
configure:9444: checking for wctype
configure:9444: gcc -o conftest -g -O2 -DNDEBUG   conftest.c -lm -lm  >&5
configure:9444: $? = 0
configure:9444: result: yes
configure:9454: checking whether mbrtowc and mbstate_t are properly declared
configure:9474: gcc -o conftest -g -O2 -DNDEBUG   conftest.c -lm -lm  >&5
configure:9474: $? = 0
configure:9482: result: yes
configure:9495: checking dlfcn.h usability
configure:9495: gcc -c -g -O2 -DNDEBUG  conftest.c >&5
configure:9495: $? = 0
configure:9495: result: yes
configure:9495: checking dlfcn.h presence
configure:9495: gcc -E  conftest.c
configure:9495: $? = 0
configure:9495: result: yes
configure:9495: checking for dlfcn.h
configure:9495: result: yes
configure:9501: checking for library containing dlopen
configure:9532: gcc -o conftest -g -O2 -DNDEBUG   conftest.c -lm -lm  >&5
/tmp/ccXbqaU1.o: In function `main':
/home/localadmin/programs/myga/gawk/src/conftest.c:126: undefined reference to `dlopen'
collect2: error: ld returned 1 exit status
configure:9532: $? = 1
configure: failed program was:
| /* confdefs.h */
| #define PACKAGE_NAME "GNU Awk"
| #define PACKAGE_TARNAME "gawk"
| #define PACKAGE_VERSION "4.1.0"
| #define PACKAGE_STRING "GNU Awk 4.1.0"
| #define PACKAGE_BUGREPORT "bug-gawk@gnu.org"
| #define PACKAGE_URL "http://www.gnu.org/software/gawk/"
| #define PACKAGE "gawk"
| #define VERSION "4.1.0"
| #define STDC_HEADERS 1
| #define HAVE_SYS_TYPES_H 1
| #define HAVE_SYS_STAT_H 1
| #define HAVE_STDLIB_H 1
| #define HAVE_STRING_H 1
| #define HAVE_MEMORY_H 1
| #define HAVE_STRINGS_H 1
| #define HAVE_INTTYPES_H 1
| #define HAVE_STDINT_H 1
| #define HAVE_UNISTD_H 1
| #define __EXTENSIONS__ 1
| #define _ALL_SOURCE 1
| #define _GNU_SOURCE 1
| #define _POSIX_PTHREAD_SEMANTICS 1
| #define _TANDEM_SOURCE 1
| #define ENABLE_NLS 1
| #define HAVE_GETTEXT 1
| #define HAVE_DCGETTEXT 1
| #define HAVE_LANGINFO_CODESET 1
| #define HAVE_LC_MESSAGES 1
| #define STDC_HEADERS 1
| #define HAVE__BOOL 1
| #define HAVE_STDBOOL_H 1
| #define HAVE_SYS_WAIT_H 1
| #define TIME_WITH_SYS_TIME 1
| #define HAVE_ARPA_INET_H 1
| #define HAVE_FCNTL_H 1
| #define HAVE_LIMITS_H 1
| #define HAVE_LOCALE_H 1
| #define HAVE_LIBINTL_H 1
| #define HAVE_MCHECK_H 1
| #define HAVE_NETDB_H 1
| #define HAVE_NETINET_IN_H 1
| #define HAVE_STDARG_H 1
| #define HAVE_STDDEF_H 1
| #define HAVE_STRING_H 1
| #define HAVE_SYS_IOCTL_H 1
| #define HAVE_SYS_PARAM_H 1
| #define HAVE_SYS_SOCKET_H 1
| #define HAVE_SYS_TIME_H 1
| #define HAVE_UNISTD_H 1
| #define HAVE_TERMIOS_H 1
| #define HAVE_STROPTS_H 1
| #define HAVE_WCHAR_H 1
| #define HAVE_WCTYPE_H 1
| #define HAVE_MEMORY_H 1
| #define RETSIGTYPE void
| #define GETGROUPS_T gid_t
| #define HAVE_LONG_LONG_INT 1
| #define HAVE_UNSIGNED_LONG_LONG_INT 1
| #define HAVE_INTMAX_T 1
| #define HAVE_UINTMAX_T 1
| #define SIZEOF_UNSIGNED_INT 4
| #define SIZEOF_UNSIGNED_LONG 8
| #define TIME_T_IN_SYS_TYPES_H 1
| #define HAVE_WCTYPE_T 1
| #define HAVE_WINT_T 1
| #define HAVE_SOCKADDR_STORAGE 1
| #define HAVE_VPRINTF 1
| #define HAVE_SYS_TIME_H 1
| #define HAVE_UNISTD_H 1
| #define HAVE_ALARM 1
| #define HAVE_MKTIME 1
| #define HAVE_GETADDRINFO 1
| #define HAVE_LIBM 1
| #define HAVE_LIBM 1
| #define HAVE_ATEXIT 1
| #define HAVE_BTOWC 1
| #define HAVE_FMOD 1
| #define HAVE_GETGRENT 1
| #define HAVE_GETGROUPS 1
| #define HAVE_GRANTPT 1
| #define HAVE_ISASCII 1
| #define HAVE_ISWCTYPE 1
| #define HAVE_ISWLOWER 1
| #define HAVE_ISWUPPER 1
| #define HAVE_MBRLEN 1
| #define HAVE_MEMCMP 1
| #define HAVE_MEMCPY 1
| #define HAVE_MEMMOVE 1
| #define HAVE_MEMSET 1
| #define HAVE_MKSTEMP 1
| #define HAVE_POSIX_OPENPT 1
| #define HAVE_SETENV 1
| #define HAVE_SETLOCALE 1
| #define HAVE_SETSID 1
| #define HAVE_SNPRINTF 1
| #define HAVE_STRCHR 1
| #define HAVE_STRERROR 1
| #define HAVE_STRFTIME 1
| #define HAVE_STRNCASECMP 1
| #define HAVE_STRCOLL 1
| #define HAVE_STRTOD 1
| #define HAVE_STRTOUL 1
| #define HAVE_SYSTEM 1
| #define HAVE_TMPFILE 1
| #define HAVE_TOWLOWER 1
| #define HAVE_TOWUPPER 1
| #define HAVE_TZSET 1
| #define HAVE_USLEEP 1
| #define HAVE_WCRTOMB 1
| #define HAVE_WCSCOLL 1
| #define HAVE_WCTYPE 1
| #define HAVE_MBRTOWC 1
| /* end confdefs.h.  */
| 
| /* Override any GCC internal prototype to avoid an error.
|    Use char because int might match the return type of a GCC
|    builtin and then its argument prototype would still apply.  */
| #ifdef __cplusplus
| extern "C"
| #endif
| char dlopen ();
| int
| main ()
| {
| return dlopen ();
|   ;
|   return 0;
| }
configure:9532: gcc -o conftest -g -O2 -DNDEBUG   conftest.c -ldl  -lm -lm  >&5
configure:9532: $? = 0
configure:9549: result: -ldl
configure:9586: checking whether getpgrp requires zero arguments
configure:9603: gcc -c -g -O2 -DNDEBUG  conftest.c >&5
conftest.c: In function 'main':
conftest.c:152:1: error: too many arguments to function 'getpgrp'
 getpgrp (0);
 ^
In file included from conftest.c:147:0:
/usr/include/unistd.h:634:16: note: declared here
 extern __pid_t getpgrp (void) __THROW;
                ^
configure:9603: $? = 1
configure: failed program was:
| /* confdefs.h */
| #define PACKAGE_NAME "GNU Awk"
| #define PACKAGE_TARNAME "gawk"
| #define PACKAGE_VERSION "4.1.0"
| #define PACKAGE_STRING "GNU Awk 4.1.0"
| #define PACKAGE_BUGREPORT "bug-gawk@gnu.org"
| #define PACKAGE_URL "http://www.gnu.org/software/gawk/"
| #define PACKAGE "gawk"
| #define VERSION "4.1.0"
| #define STDC_HEADERS 1
| #define HAVE_SYS_TYPES_H 1
| #define HAVE_SYS_STAT_H 1
| #define HAVE_STDLIB_H 1
| #define HAVE_STRING_H 1
| #define HAVE_MEMORY_H 1
| #define HAVE_STRINGS_H 1
| #define HAVE_INTTYPES_H 1
| #define HAVE_STDINT_H 1
| #define HAVE_UNISTD_H 1
| #define __EXTENSIONS__ 1
| #define _ALL_SOURCE 1
| #define _GNU_SOURCE 1
| #define _POSIX_PTHREAD_SEMANTICS 1
| #define _TANDEM_SOURCE 1
| #define ENABLE_NLS 1
| #define HAVE_GETTEXT 1
| #define HAVE_DCGETTEXT 1
| #define HAVE_LANGINFO_CODESET 1
| #define HAVE_LC_MESSAGES 1
| #define STDC_HEADERS 1
| #define HAVE__BOOL 1
| #define HAVE_STDBOOL_H 1
| #define HAVE_SYS_WAIT_H 1
| #define TIME_WITH_SYS_TIME 1
| #define HAVE_ARPA_INET_H 1
| #define HAVE_FCNTL_H 1
| #define HAVE_LIMITS_H 1
| #define HAVE_LOCALE_H 1
| #define HAVE_LIBINTL_H 1
| #define HAVE_MCHECK_H 1
| #define HAVE_NETDB_H 1
| #define HAVE_NETINET_IN_H 1
| #define HAVE_STDARG_H 1
| #define HAVE_STDDEF_H 1
| #define HAVE_STRING_H 1
| #define HAVE_SYS_IOCTL_H 1
| #define HAVE_SYS_PARAM_H 1
| #define HAVE_SYS_SOCKET_H 1
| #define HAVE_SYS_TIME_H 1
| #define HAVE_UNISTD_H 1
| #define HAVE_TERMIOS_H 1
| #define HAVE_STROPTS_H 1
| #define HAVE_WCHAR_H 1
| #define HAVE_WCTYPE_H 1
| #define HAVE_MEMORY_H 1
| #define RETSIGTYPE void
| #define GETGROUPS_T gid_t
| #define HAVE_LONG_LONG_INT 1
| #define HAVE_UNSIGNED_LONG_LONG_INT 1
| #define HAVE_INTMAX_T 1
| #define HAVE_UINTMAX_T 1
| #define SIZEOF_UNSIGNED_INT 4
| #define SIZEOF_UNSIGNED_LONG 8
| #define TIME_T_IN_SYS_TYPES_H 1
| #define HAVE_WCTYPE_T 1
| #define HAVE_WINT_T 1
| #define HAVE_SOCKADDR_STORAGE 1
| #define HAVE_VPRINTF 1
| #define HAVE_SYS_TIME_H 1
| #define HAVE_UNISTD_H 1
| #define HAVE_ALARM 1
| #define HAVE_MKTIME 1
| #define HAVE_GETADDRINFO 1
| #define HAVE_LIBM 1
| #define HAVE_LIBM 1
| #define HAVE_ATEXIT 1
| #define HAVE_BTOWC 1
| #define HAVE_FMOD 1
| #define HAVE_GETGRENT 1
| #define HAVE_GETGROUPS 1
| #define HAVE_GRANTPT 1
| #define HAVE_ISASCII 1
| #define HAVE_ISWCTYPE 1
| #define HAVE_ISWLOWER 1
| #define HAVE_ISWUPPER 1
| #define HAVE_MBRLEN 1
| #define HAVE_MEMCMP 1
| #define HAVE_MEMCPY 1
| #define HAVE_MEMMOVE 1
| #define HAVE_MEMSET 1
| #define HAVE_MKSTEMP 1
| #define HAVE_POSIX_OPENPT 1
| #define HAVE_SETENV 1
| #define HAVE_SETLOCALE 1
| #define HAVE_SETSID 1
| #define HAVE_SNPRINTF 1
| #define HAVE_STRCHR 1
| #define HAVE_STRERROR 1
| #define HAVE_STRFTIME 1
| #define HAVE_STRNCASECMP 1
| #define HAVE_STRCOLL 1
| #define HAVE_STRTOD 1
| #define HAVE_STRTOUL 1
| #define HAVE_SYSTEM 1
| #define HAVE_TMPFILE 1
| #define HAVE_TOWLOWER 1
| #define HAVE_TOWUPPER 1
| #define HAVE_TZSET 1
| #define HAVE_USLEEP 1
| #define HAVE_WCRTOMB 1
| #define HAVE_WCSCOLL 1
| #define HAVE_WCTYPE 1
| #define HAVE_MBRTOWC 1
| #define DYNAMIC 1
| /* end confdefs.h.  */
| #include <stdio.h>
| #ifdef HAVE_SYS_TYPES_H
| # include <sys/types.h>
| #endif
| #ifdef HAVE_SYS_STAT_H
| # include <sys/stat.h>
| #endif
| #ifdef STDC_HEADERS
| # include <stdlib.h>
| # include <stddef.h>
| #else
| # ifdef HAVE_STDLIB_H
| #  include <stdlib.h>
| # endif
| #endif
| #ifdef HAVE_STRING_H
| # if !defined STDC_HEADERS && defined HAVE_MEMORY_H
| #  include <memory.h>
| # endif
| # include <string.h>
| #endif
| #ifdef HAVE_STRINGS_H
| # include <strings.h>
| #endif
| #ifdef HAVE_INTTYPES_H
| # include <inttypes.h>
| #endif
| #ifdef HAVE_STDINT_H
| # include <stdint.h>
| #endif
| #ifdef HAVE_UNISTD_H
| # include <unistd.h>
| #endif
| int
| main ()
| {
| getpgrp (0);
|   ;
|   return 0;
| }
configure:9611: result: yes
configure:9622: checking for printf %F format
configure:9646: gcc -o conftest -g -O2 -DNDEBUG   -export-dynamic conftest.c -ldl -lm -lm  >&5
configure:9646: $? = 0
configure:9646: ./conftest
configure:9646: $? = 0
configure:9660: result: yes
configure:9669: checking for struct stat.st_blksize
configure:9669: gcc -c -g -O2 -DNDEBUG  conftest.c >&5
configure:9669: $? = 0
configure:9669: result: yes
configure:9682: checking whether time.h and sys/time.h may both be included
configure:9709: result: yes
configure:9717: checking whether struct tm is in sys/time.h or time.h
configure:9737: gcc -c -g -O2 -DNDEBUG  conftest.c >&5
configure:9737: $? = 0
configure:9744: result: time.h
configure:9752: checking for struct tm.tm_zone
configure:9752: gcc -c -g -O2 -DNDEBUG  conftest.c >&5
configure:9752: $? = 0
configure:9752: result: yes
configure:9820: checking whether char is unsigned
configure:9839: gcc -c -g -O2 -DNDEBUG  conftest.c >&5
configure:9839: $? = 0
configure:9846: result: no
configure:9853: checking for an ANSI C-conforming const
configure:9919: gcc -c -g -O2 -DNDEBUG  conftest.c >&5
configure:9919: $? = 0
configure:9926: result: yes
configure:9934: checking for C/C++ restrict keyword
configure:9959: gcc -c -g -O2 -DNDEBUG  conftest.c >&5
configure:9959: $? = 0
configure:9967: result: __restrict
configure:9980: checking for inline
configure:9996: gcc -c -g -O2 -DNDEBUG  conftest.c >&5
configure:9996: $? = 0
configure:10004: result: inline
configure:10022: checking for preprocessor stringizing operator
configure:10042: result: yes
configure:10176: checking that generated files are newer than configure
configure:10182: result: done
configure:10213: creating ./config.status

## ---------------------- ##
## Running config.status. ##
## ---------------------- ##

This file was extended by GNU Awk config.status 4.1.0, which was
generated by GNU Autoconf 2.69.  Invocation command line was

  CONFIG_FILES    = 
  CONFIG_HEADERS  = 
  CONFIG_LINKS    = 
  CONFIG_COMMANDS = 
  $ ./config.status 

on pacific

config.status:1004: creating Makefile
config.status:1004: creating awklib/Makefile
config.status:1004: creating doc/Makefile
config.status:1004: creating po/Makefile.in
config.status:1004: creating test/Makefile
config.status:1004: creating config.h
config.status:1185: config.h is unchanged
config.status:1233: executing depfiles commands
config.status:1233: executing po-directories commands
configure:11722: === configuring in extension (/home/localadmin/programs/myga/gawk/src/extension)
configure:11785: running /bin/bash ./configure --disable-option-checking '--prefix=/usr/local'  --cache-file=/dev/null --srcdir=.

## ---------------- ##
## Cache variables. ##
## ---------------- ##

ac_cv_build=x86_64-unknown-linux-gnu
ac_cv_c_char_unsigned=no
ac_cv_c_compiler_gnu=yes
ac_cv_c_const=yes
ac_cv_c_inline=inline
ac_cv_c_restrict=__restrict
ac_cv_c_stringize=yes
ac_cv_env_CC_set=
ac_cv_env_CC_value=
ac_cv_env_CFLAGS_set=
ac_cv_env_CFLAGS_value=
ac_cv_env_CPPFLAGS_set=
ac_cv_env_CPPFLAGS_value=
ac_cv_env_CPP_set=
ac_cv_env_CPP_value=
ac_cv_env_LDFLAGS_set=
ac_cv_env_LDFLAGS_value=
ac_cv_env_LIBS_set=
ac_cv_env_LIBS_value=
ac_cv_env_YACC_set=
ac_cv_env_YACC_value=
ac_cv_env_YFLAGS_set=
ac_cv_env_YFLAGS_value=
ac_cv_env_build_alias_set=
ac_cv_env_build_alias_value=
ac_cv_env_host_alias_set=
ac_cv_env_host_alias_value=
ac_cv_env_target_alias_set=
ac_cv_env_target_alias_value=
ac_cv_func__doprnt=no
ac_cv_func_alarm=yes
ac_cv_func_atexit=yes
ac_cv_func_btowc=yes
ac_cv_func_fmod=yes
ac_cv_func_getaddrinfo=yes
ac_cv_func_getgrent=yes
ac_cv_func_getgroups=yes
ac_cv_func_getpgrp_void=yes
ac_cv_func_grantpt=yes
ac_cv_func_isascii=yes
ac_cv_func_iswctype=yes
ac_cv_func_iswlower=yes
ac_cv_func_iswupper=yes
ac_cv_func_mbrlen=yes
ac_cv_func_mbrtowc=yes
ac_cv_func_memcmp=yes
ac_cv_func_memcpy=yes
ac_cv_func_memcpy_ulong=no
ac_cv_func_memmove=yes
ac_cv_func_memset=yes
ac_cv_func_memset_ulong=no
ac_cv_func_mkstemp=yes
ac_cv_func_posix_openpt=yes
ac_cv_func_setenv=yes
ac_cv_func_setlocale=yes
ac_cv_func_setsid=yes
ac_cv_func_snprintf=yes
ac_cv_func_strchr=yes
ac_cv_func_strcoll=yes
ac_cv_func_strerror=yes
ac_cv_func_strftime=yes
ac_cv_func_strncasecmp=yes
ac_cv_func_strtod=yes
ac_cv_func_strtoul=yes
ac_cv_func_system=yes
ac_cv_func_tmpfile=yes
ac_cv_func_towlower=yes
ac_cv_func_towupper=yes
ac_cv_func_tzset=yes
ac_cv_func_usleep=yes
ac_cv_func_vprintf=yes
ac_cv_func_wcrtomb=yes
ac_cv_func_wcscoll=yes
ac_cv_func_wctype=yes
ac_cv_func_working_mktime=yes
ac_cv_header_arpa_inet_h=yes
ac_cv_header_dlfcn_h=yes
ac_cv_header_fcntl_h=yes
ac_cv_header_inttypes_h=yes
ac_cv_header_libintl_h=yes
ac_cv_header_limits_h=yes
ac_cv_header_locale_h=yes
ac_cv_header_mcheck_h=yes
ac_cv_header_memory_h=yes
ac_cv_header_minix_config_h=no
ac_cv_header_netdb_h=yes
ac_cv_header_netinet_in_h=yes
ac_cv_header_stdarg_h=yes
ac_cv_header_stdbool_h=yes
ac_cv_header_stdc=yes
ac_cv_header_stddef_h=yes
ac_cv_header_stdint_h=yes
ac_cv_header_stdlib_h=yes
ac_cv_header_string_h=yes
ac_cv_header_strings_h=yes
ac_cv_header_stropts_h=yes
ac_cv_header_sys_ioctl_h=yes
ac_cv_header_sys_param_h=yes
ac_cv_header_sys_socket_h=yes
ac_cv_header_sys_stat_h=yes
ac_cv_header_sys_time_h=yes
ac_cv_header_sys_types_h=yes
ac_cv_header_sys_wait_h=yes
ac_cv_header_termios_h=yes
ac_cv_header_time=yes
ac_cv_header_unistd_h=yes
ac_cv_header_wchar_h=yes
ac_cv_header_wctype_h=yes
ac_cv_host=x86_64-unknown-linux-gnu
ac_cv_lib_m_fmod=yes
ac_cv_lib_m_isinf=yes
ac_cv_lib_m_ismod=no
ac_cv_member_struct_stat_st_blksize=yes
ac_cv_member_struct_tm_tm_zone=yes
ac_cv_objext=o
ac_cv_path_EGREP='/bin/grep -E'
ac_cv_path_GMSGFMT=/usr/bin/msgfmt
ac_cv_path_GREP=/bin/grep
ac_cv_path_MSGFMT=/usr/bin/msgfmt
ac_cv_path_MSGMERGE=/usr/bin/msgmerge
ac_cv_path_XGETTEXT=/usr/bin/xgettext
ac_cv_path_mkdir=/bin/mkdir
ac_cv_prog_AWK=gawk
ac_cv_prog_CPP='gcc -E'
ac_cv_prog_YACC=byacc
ac_cv_prog_ac_ct_CC=gcc
ac_cv_prog_cc_c89=
ac_cv_prog_cc_g=yes
ac_cv_prog_make_make_set=yes
ac_cv_safe_to_define___extensions__=yes
ac_cv_search_dlopen=-ldl
ac_cv_search_strerror='none required'
ac_cv_sizeof_unsigned_int=4
ac_cv_sizeof_unsigned_long=8
ac_cv_struct_tm=time.h
ac_cv_sys_file_offset_bits=no
ac_cv_sys_largefile_CC=no
ac_cv_type__Bool=yes
ac_cv_type_getgroups=gid_t
ac_cv_type_intmax_t=yes
ac_cv_type_long_long_int=yes
ac_cv_type_pid_t=yes
ac_cv_type_signal=void
ac_cv_type_size_t=yes
ac_cv_type_socklen_t=yes
ac_cv_type_ssize_t=yes
ac_cv_type_uid_t=yes
ac_cv_type_uintmax_t=yes
ac_cv_type_unsigned_long_long_int=yes
acl_cv_hardcode_direct=no
acl_cv_hardcode_libdir_flag_spec='${wl}-rpath ${wl}$libdir'
acl_cv_hardcode_libdir_separator=
acl_cv_hardcode_minus_L=no
acl_cv_libext=a
acl_cv_libname_spec='lib$name'
acl_cv_library_names_spec='$libname$shrext'
acl_cv_path_LD=/usr/bin/ld
acl_cv_prog_gnu_ld=yes
acl_cv_rpath=done
acl_cv_shlibext=so
acl_cv_wl=-Wl,
am_cv_CC_dependencies_compiler_type=gcc3
am_cv_langinfo_codeset=yes
am_cv_make_support_nested_variables=yes
gt_cv_func_CFLocaleCopyCurrent=no
gt_cv_func_CFPreferencesCopyAppValue=no
gt_cv_func_gnugettext1_libc=yes
gt_cv_val_LC_MESSAGES=yes

## ----------------- ##
## Output variables. ##
## ----------------- ##

ACLOCAL='${SHELL} /home/localadmin/programs/myga/gawk/src/missing aclocal-1.13'
AMDEPBACKSLASH='\'
AMDEP_FALSE='#'
AMDEP_TRUE=''
AMTAR='$${TAR-tar}'
AM_BACKSLASH='\'
AM_DEFAULT_V='$(AM_DEFAULT_VERBOSITY)'
AM_DEFAULT_VERBOSITY='1'
AM_V='$(V)'
AUTOCONF='${SHELL} /home/localadmin/programs/myga/gawk/src/missing autoconf'
AUTOHEADER='${SHELL} /home/localadmin/programs/myga/gawk/src/missing autoheader'
AUTOMAKE='${SHELL} /home/localadmin/programs/myga/gawk/src/missing automake-1.13'
AWK='gawk'
CC='gcc'
CCDEPMODE='depmode=gcc3'
CFLAGS='-g -O2 -DNDEBUG'
CPP='gcc -E'
CPPFLAGS=''
CYGPATH_W='echo'
DEFS='-DHAVE_CONFIG_H'
DEPDIR='.deps'
ECHO_C=''
ECHO_N='-n'
ECHO_T=''
EGREP='/bin/grep -E'
EXEEXT=''
GAWKLIBEXT='so'
GETTEXT_MACRO_VERSION='0.18'
GMSGFMT='/usr/bin/msgfmt'
GMSGFMT_015='/usr/bin/msgfmt'
GREP='/bin/grep'
INSTALL_DATA='${INSTALL} -m 644'
INSTALL_PROGRAM='${INSTALL}'
INSTALL_SCRIPT='${INSTALL}'
INSTALL_STRIP_PROGRAM='$(install_sh) -c -s'
INTLLIBS=''
INTL_MACOSX_LIBS=''
LDFLAGS=' -export-dynamic'
LIBICONV='-liconv'
LIBINTL=''
LIBOBJS=''
LIBS='-ldl -lm -lm '
LN_S='ln -s'
LTLIBICONV='-liconv'
LTLIBINTL=''
LTLIBOBJS=''
MAKEINFO='${SHELL} /home/localadmin/programs/myga/gawk/src/missing makeinfo'
MKDIR_P='/bin/mkdir -p'
MSGFMT='/usr/bin/msgfmt'
MSGFMT_015='/usr/bin/msgfmt'
MSGMERGE='/usr/bin/msgmerge'
OBJEXT='o'
PACKAGE='gawk'
PACKAGE_BUGREPORT='bug-gawk@gnu.org'
PACKAGE_NAME='GNU Awk'
PACKAGE_STRING='GNU Awk 4.1.0'
PACKAGE_TARNAME='gawk'
PACKAGE_URL='http://www.gnu.org/software/gawk/'
PACKAGE_VERSION='4.1.0'
PATH_SEPARATOR=':'
POSUB='po'
SET_MAKE=''
SHELL='/bin/bash'
STRIP=''
TEST_CROSS_COMPILE_FALSE=''
TEST_CROSS_COMPILE_TRUE='#'
USE_NLS='yes'
VERSION='4.1.0'
XGETTEXT='/usr/bin/xgettext'
XGETTEXT_015='/usr/bin/xgettext'
XGETTEXT_EXTRA_OPTIONS=''
YACC='byacc'
YFLAGS=''
ac_ct_CC='gcc'
acl_shlibext='so'
am__EXEEXT_FALSE=''
am__EXEEXT_TRUE='#'
am__fastdepCC_FALSE='#'
am__fastdepCC_TRUE=''
am__include='include'
am__isrc=''
am__leading_dot='.'
am__nodep='_no'
am__quote=''
am__tar='$${TAR-tar} chof - "$$tardir"'
am__untar='$${TAR-tar} xf -'
bindir='${exec_prefix}/bin'
build='x86_64-unknown-linux-gnu'
build_alias=''
build_cpu='x86_64'
build_os='linux-gnu'
build_vendor='unknown'
datadir='${datarootdir}'
datarootdir='${prefix}/share'
docdir='${datarootdir}/doc/${PACKAGE_TARNAME}'
dvidir='${docdir}'
exec_prefix='${prefix}'
host='x86_64-unknown-linux-gnu'
host_alias=''
host_cpu='x86_64'
host_os='linux-gnu'
host_vendor='unknown'
htmldir='${docdir}'
includedir='${prefix}/include'
infodir='${datarootdir}/info'
install_sh='${SHELL} /home/localadmin/programs/myga/gawk/src/install-sh'
libdir='${exec_prefix}/lib'
libexecdir='${exec_prefix}/libexec'
localedir='${datarootdir}/locale'
localstatedir='${prefix}/var'
mandir='${datarootdir}/man'
mkdir_p='/bin/mkdir -p'
oldincludedir='/usr/include'
pdfdir='${docdir}'
pkgextensiondir='${pkglibdir}'
prefix='/usr/local'
program_transform_name='s,x,x,'
psdir='${docdir}'
sbindir='${exec_prefix}/sbin'
sharedstatedir='${prefix}/com'
subdirs=' extension'
sysconfdir='${prefix}/etc'
target_alias=''

## ----------- ##
## confdefs.h. ##
## ----------- ##

/* confdefs.h */
#define PACKAGE_NAME "GNU Awk"
#define PACKAGE_TARNAME "gawk"
#define PACKAGE_VERSION "4.1.0"
#define PACKAGE_STRING "GNU Awk 4.1.0"
#define PACKAGE_BUGREPORT "bug-gawk@gnu.org"
#define PACKAGE_URL "http://www.gnu.org/software/gawk/"
#define PACKAGE "gawk"
#define VERSION "4.1.0"
#define STDC_HEADERS 1
#define HAVE_SYS_TYPES_H 1
#define HAVE_SYS_STAT_H 1
#define HAVE_STDLIB_H 1
#define HAVE_STRING_H 1
#define HAVE_MEMORY_H 1
#define HAVE_STRINGS_H 1
#define HAVE_INTTYPES_H 1
#define HAVE_STDINT_H 1
#define HAVE_UNISTD_H 1
#define __EXTENSIONS__ 1
#define _ALL_SOURCE 1
#define _GNU_SOURCE 1
#define _POSIX_PTHREAD_SEMANTICS 1
#define _TANDEM_SOURCE 1
#define ENABLE_NLS 1
#define HAVE_GETTEXT 1
#define HAVE_DCGETTEXT 1
#define HAVE_LANGINFO_CODESET 1
#define HAVE_LC_MESSAGES 1
#define STDC_HEADERS 1
#define HAVE__BOOL 1
#define HAVE_STDBOOL_H 1
#define HAVE_SYS_WAIT_H 1
#define TIME_WITH_SYS_TIME 1
#define HAVE_ARPA_INET_H 1
#define HAVE_FCNTL_H 1
#define HAVE_LIMITS_H 1
#define HAVE_LOCALE_H 1
#define HAVE_LIBINTL_H 1
#define HAVE_MCHECK_H 1
#define HAVE_NETDB_H 1
#define HAVE_NETINET_IN_H 1
#define HAVE_STDARG_H 1
#define HAVE_STDDEF_H 1
#define HAVE_STRING_H 1
#define HAVE_SYS_IOCTL_H 1
#define HAVE_SYS_PARAM_H 1
#define HAVE_SYS_SOCKET_H 1
#define HAVE_SYS_TIME_H 1
#define HAVE_UNISTD_H 1
#define HAVE_TERMIOS_H 1
#define HAVE_STROPTS_H 1
#define HAVE_WCHAR_H 1
#define HAVE_WCTYPE_H 1
#define HAVE_MEMORY_H 1
#define RETSIGTYPE void
#define GETGROUPS_T gid_t
#define HAVE_LONG_LONG_INT 1
#define HAVE_UNSIGNED_LONG_LONG_INT 1
#define HAVE_INTMAX_T 1
#define HAVE_UINTMAX_T 1
#define SIZEOF_UNSIGNED_INT 4
#define SIZEOF_UNSIGNED_LONG 8
#define TIME_T_IN_SYS_TYPES_H 1
#define HAVE_WCTYPE_T 1
#define HAVE_WINT_T 1
#define HAVE_SOCKADDR_STORAGE 1
#define HAVE_VPRINTF 1
#define HAVE_SYS_TIME_H 1
#define HAVE_UNISTD_H 1
#define HAVE_ALARM 1
#define HAVE_MKTIME 1
#define HAVE_GETADDRINFO 1
#define HAVE_LIBM 1
#define HAVE_LIBM 1
#define HAVE_ATEXIT 1
#define HAVE_BTOWC 1
#define HAVE_FMOD 1
#define HAVE_GETGRENT 1
#define HAVE_GETGROUPS 1
#define HAVE_GRANTPT 1
#define HAVE_ISASCII 1
#define HAVE_ISWCTYPE 1
#define HAVE_ISWLOWER 1
#define HAVE_ISWUPPER 1
#define HAVE_MBRLEN 1
#define HAVE_MEMCMP 1
#define HAVE_MEMCPY 1
#define HAVE_MEMMOVE 1
#define HAVE_MEMSET 1
#define HAVE_MKSTEMP 1
#define HAVE_POSIX_OPENPT 1
#define HAVE_SETENV 1
#define HAVE_SETLOCALE 1
#define HAVE_SETSID 1
#define HAVE_SNPRINTF 1
#define HAVE_STRCHR 1
#define HAVE_STRERROR 1
#define HAVE_STRFTIME 1
#define HAVE_STRNCASECMP 1
#define HAVE_STRCOLL 1
#define HAVE_STRTOD 1
#define HAVE_STRTOUL 1
#define HAVE_SYSTEM 1
#define HAVE_TMPFILE 1
#define HAVE_TOWLOWER 1
#define HAVE_TOWUPPER 1
#define HAVE_TZSET 1
#define HAVE_USLEEP 1
#define HAVE_WCRTOMB 1
#define HAVE_WCSCOLL 1
#define HAVE_WCTYPE 1
#define HAVE_MBRTOWC 1
#define DYNAMIC 1
#define GETPGRP_VOID 1
#define PRINTF_HAS_F_FORMAT 1
#define HAVE_STRUCT_STAT_ST_BLKSIZE 1
#define HAVE_ST_BLKSIZE 1
#define TIME_WITH_SYS_TIME 1
#define HAVE_STRUCT_TM_TM_ZONE 1
#define HAVE_TM_ZONE 1
#define restrict __restrict
#define HAVE_STRINGIZE 1

configure: exit 0

## ---------------------- ##
## Running config.status. ##
## ---------------------- ##

This file was extended by GNU Awk config.status 4.1.0, which was
generated by GNU Autoconf 2.69.  Invocation command line was

  CONFIG_FILES    = 
  CONFIG_HEADERS  = 
  CONFIG_LINKS    = 
  CONFIG_COMMANDS = 
  $ ./config.status --file=version.c:version.in

on pacific

config.status:1004: creating version.c
