This file contains any messages produced by compilers while
running configure, to aid debugging if configure makes a mistake.

It was created by configure, which was
generated by GNU Autoconf 2.69.  Invocation command line was

  $ ./configure --no-create --no-recursion

## --------- ##
## Platform. ##
## --------- ##

hostname = pacific
uname -m = x86_64
uname -r = 3.13.0-68-generic
uname -s = Linux
uname -v = #111-Ubuntu SMP Fri Nov 6 18:17:06 UTC 2015

/usr/bin/uname -p = unknown
/bin/uname -X     = unknown

/bin/arch              = unknown
/usr/bin/arch -k       = unknown
/usr/convex/getsysinfo = unknown
/usr/bin/hostinfo      = unknown
/bin/machine           = unknown
/usr/bin/oslevel       = unknown
/bin/universe          = unknown

PATH: /usr/local/sbin
PATH: /usr/local/bin
PATH: /usr/sbin
PATH: /usr/bin
PATH: /sbin
PATH: /bin
PATH: /usr/games
PATH: /usr/local/games
PATH: /usr/lib/jvm/java-8-oracle/bin
PATH: /usr/lib/jvm/java-8-oracle/db/bin
PATH: /usr/lib/jvm/java-8-oracle/jre/bin


## ----------- ##
## Core tests. ##
## ----------- ##

configure:2136: checking for a BSD-compatible install
configure:2204: result: /usr/bin/install -c
configure:2215: checking whether build environment is sane
configure:2252: result: yes
configure:2264: checking whether make sets $(MAKE)
configure:2286: result: yes
configure:2316: checking for working aclocal
configure:2323: result: found
configure:2331: checking for working autoconf
configure:2338: result: found
configure:2346: checking for working automake
configure:2353: result: found
configure:2361: checking for working autoheader
configure:2368: result: found
configure:2376: checking for working makeinfo
configure:2383: result: found
configure:2446: checking for gcc
configure:2462: found /usr/bin/gcc
configure:2473: result: gcc
configure:2702: checking for C compiler version
configure:2711: gcc --version >&5
gcc-4.8.real (Ubuntu 4.8.4-2ubuntu1~14.04) 4.8.4
Copyright (C) 2013 Free Software Foundation, Inc.
This is free software; see the source for copying conditions.  There is NO
warranty; not even for MERCHANTABILITY or FITNESS FOR A PARTICULAR PURPOSE.

configure:2722: $? = 0
configure:2711: gcc -v >&5
Using built-in specs.
COLLECT_GCC=/usr/bin/gcc-4.8.real
COLLECT_LTO_WRAPPER=/usr/lib/gcc/x86_64-linux-gnu/4.8/lto-wrapper
Target: x86_64-linux-gnu
Configured with: ../src/configure -v --with-pkgversion='Ubuntu 4.8.4-2ubuntu1~14.04' --with-bugurl=file:///usr/share/doc/gcc-4.8/README.Bugs --enable-languages=c,c++,java,go,d,fortran,objc,obj-c++ --prefix=/usr --program-suffix=-4.8 --enable-shared --enable-linker-build-id --libexecdir=/usr/lib --without-included-gettext --enable-threads=posix --with-gxx-include-dir=/usr/include/c++/4.8 --libdir=/usr/lib --enable-nls --with-sysroot=/ --enable-clocale=gnu --enable-libstdcxx-debug --enable-libstdcxx-time=yes --enable-gnu-unique-object --disable-libmudflap --enable-plugin --with-system-zlib --disable-browser-plugin --enable-java-awt=gtk --enable-gtk-cairo --with-java-home=/usr/lib/jvm/java-1.5.0-gcj-4.8-amd64/jre --enable-java-home --with-jvm-root-dir=/usr/lib/jvm/java-1.5.0-gcj-4.8-amd64 --with-jvm-jar-dir=/usr/lib/jvm-exports/java-1.5.0-gcj-4.8-amd64 --with-arch-directory=amd64 --with-ecj-jar=/usr/share/java/eclipse-ecj.jar --enable-objc-gc --enable-multiarch --disable-werror --with-arch-32=i686 --with-abi=m64 --with-multilib-list=m32,m64,mx32 --with-tune=generic --enable-checking=release --build=x86_64-linux-gnu --host=x86_64-linux-gnu --target=x86_64-linux-gnu
Thread model: posix
gcc version 4.8.4 (Ubuntu 4.8.4-2ubuntu1~14.04) 
configure:2722: $? = 0
configure:2711: gcc -V >&5
gcc-4.8.real: error: unrecognized command line option '-V'
gcc-4.8.real: fatal error: no input files
compilation terminated.
configure:2722: $? = 4
configure:2711: gcc -qversion >&5
gcc-4.8.real: error: unrecognized command line option '-qversion'
gcc-4.8.real: fatal error: no input files
compilation terminated.
configure:2722: $? = 4
configure:2742: checking whether the C compiler works
configure:2764: gcc    conftest.c  >&5
configure:2768: $? = 0
configure:2816: result: yes
configure:2819: checking for C compiler default output file name
configure:2821: result: a.out
configure:2827: checking for suffix of executables
configure:2834: gcc -o conftest    conftest.c  >&5
configure:2838: $? = 0
configure:2860: result: 
configure:2882: checking whether we are cross compiling
configure:2890: gcc -o conftest    conftest.c  >&5
configure:2894: $? = 0
configure:2901: ./conftest
configure:2905: $? = 0
configure:2920: result: no
configure:2925: checking for suffix of object files
configure:2947: gcc -c   conftest.c >&5
configure:2951: $? = 0
configure:2972: result: o
configure:2976: checking whether we are using the GNU C compiler
configure:2995: gcc -c   conftest.c >&5
configure:2995: $? = 0
configure:3004: result: yes
configure:3013: checking whether gcc accepts -g
configure:3033: gcc -c -g  conftest.c >&5
configure:3033: $? = 0
configure:3074: result: yes
configure:3091: checking for gcc option to accept ISO C89
configure:3154: gcc  -c -g -O2  conftest.c >&5
configure:3154: $? = 0
configure:3167: result: none needed
configure:3195: checking how to run the C preprocessor
configure:3226: gcc -E  conftest.c
configure:3226: $? = 0
configure:3240: gcc -E  conftest.c
conftest.c:11:28: fatal error: ac_nonexistent.h: No such file or directory
 #include <ac_nonexistent.h>
                            ^
compilation terminated.
configure:3240: $? = 1
configure: failed program was:
| /* confdefs.h */
| #define PACKAGE_NAME ""
| #define PACKAGE_TARNAME ""
| #define PACKAGE_VERSION ""
| #define PACKAGE_STRING ""
| #define PACKAGE_BUGREPORT ""
| #define PACKAGE_URL ""
| #define PACKAGE "espresso-ab"
| #define VERSION "1.0"
| /* end confdefs.h.  */
| #include <ac_nonexistent.h>
configure:3265: result: gcc -E
configure:3285: gcc -E  conftest.c
configure:3285: $? = 0
configure:3299: gcc -E  conftest.c
conftest.c:11:28: fatal error: ac_nonexistent.h: No such file or directory
 #include <ac_nonexistent.h>
                            ^
compilation terminated.
configure:3299: $? = 1
configure: failed program was:
| /* confdefs.h */
| #define PACKAGE_NAME ""
| #define PACKAGE_TARNAME ""
| #define PACKAGE_VERSION ""
| #define PACKAGE_STRING ""
| #define PACKAGE_BUGREPORT ""
| #define PACKAGE_URL ""
| #define PACKAGE "espresso-ab"
| #define VERSION "1.0"
| /* end confdefs.h.  */
| #include <ac_nonexistent.h>
configure:3328: checking for grep that handles long lines and -e
configure:3386: result: /bin/grep
configure:3391: checking for egrep
configure:3453: result: /bin/grep -E
configure:3458: checking for ANSI C header files
configure:3478: gcc -c -g -O2  conftest.c >&5
configure:3478: $? = 0
configure:3551: gcc -o conftest -g -O2   conftest.c  >&5
configure:3551: $? = 0
configure:3551: ./conftest
configure:3551: $? = 0
configure:3562: result: yes
configure:3575: checking for sys/types.h
configure:3575: gcc -c -g -O2  conftest.c >&5
configure:3575: $? = 0
configure:3575: result: yes
configure:3575: checking for sys/stat.h
configure:3575: gcc -c -g -O2  conftest.c >&5
configure:3575: $? = 0
configure:3575: result: yes
configure:3575: checking for stdlib.h
configure:3575: gcc -c -g -O2  conftest.c >&5
configure:3575: $? = 0
configure:3575: result: yes
configure:3575: checking for string.h
configure:3575: gcc -c -g -O2  conftest.c >&5
configure:3575: $? = 0
configure:3575: result: yes
configure:3575: checking for memory.h
configure:3575: gcc -c -g -O2  conftest.c >&5
configure:3575: $? = 0
configure:3575: result: yes
configure:3575: checking for strings.h
configure:3575: gcc -c -g -O2  conftest.c >&5
configure:3575: $? = 0
configure:3575: result: yes
configure:3575: checking for inttypes.h
configure:3575: gcc -c -g -O2  conftest.c >&5
configure:3575: $? = 0
configure:3575: result: yes
configure:3575: checking for stdint.h
configure:3575: gcc -c -g -O2  conftest.c >&5
configure:3575: $? = 0
configure:3575: result: yes
configure:3575: checking for unistd.h
configure:3575: gcc -c -g -O2  conftest.c >&5
configure:3575: $? = 0
configure:3575: result: yes
configure:3590: checking limits.h usability
configure:3590: gcc -c -g -O2  conftest.c >&5
configure:3590: $? = 0
configure:3590: result: yes
configure:3590: checking limits.h presence
configure:3590: gcc -E  conftest.c
configure:3590: $? = 0
configure:3590: result: yes
configure:3590: checking for limits.h
configure:3590: result: yes
configure:3590: checking sys/time.h usability
configure:3590: gcc -c -g -O2  conftest.c >&5
configure:3590: $? = 0
configure:3590: result: yes
configure:3590: checking sys/time.h presence
configure:3590: gcc -E  conftest.c
configure:3590: $? = 0
configure:3590: result: yes
configure:3590: checking for sys/time.h
configure:3590: result: yes
configure:3590: checking for unistd.h
configure:3590: result: yes
configure:3601: checking for an ANSI C-conforming const
configure:3667: gcc -c -g -O2  conftest.c >&5
configure:3667: $? = 0
configure:3674: result: yes
configure:3682: checking for uid_t in sys/types.h
configure:3701: result: yes
configure:3713: checking for working memcmp
configure:3756: gcc -o conftest -g -O2   conftest.c  >&5
configure:3756: $? = 0
configure:3756: ./conftest
configure:3756: $? = 0
configure:3766: result: yes
configure:3778: checking for strcspn
configure:3778: gcc -o conftest -g -O2   conftest.c  >&5
conftest.c:47:6: warning: conflicting types for built-in function 'strcspn' [enabled by default]
 char strcspn ();
      ^
configure:3778: $? = 0
configure:3778: result: yes
configure:3778: checking for strerror
configure:3778: gcc -o conftest -g -O2   conftest.c  >&5
configure:3778: $? = 0
configure:3778: result: yes
configure:3778: checking for strspn
configure:3778: gcc -o conftest -g -O2   conftest.c  >&5
conftest.c:49:6: warning: conflicting types for built-in function 'strspn' [enabled by default]
 char strspn ();
      ^
configure:3778: $? = 0
configure:3778: result: yes
configure:3778: checking for strstr
configure:3778: gcc -o conftest -g -O2   conftest.c  >&5
conftest.c:50:6: warning: conflicting types for built-in function 'strstr' [enabled by default]
 char strstr ();
      ^
configure:3778: $? = 0
configure:3778: result: yes
configure:3904: creating ./config.status

## ---------------- ##
## Cache variables. ##
## ---------------- ##

ac_cv_c_compiler_gnu=yes
ac_cv_c_const=yes
ac_cv_env_CC_set=
ac_cv_env_CC_value=
ac_cv_env_CFLAGS_set=
ac_cv_env_CFLAGS_value=
ac_cv_env_CPPFLAGS_set=
ac_cv_env_CPPFLAGS_value=
ac_cv_env_CPP_set=
ac_cv_env_CPP_value=
ac_cv_env_LDFLAGS_set=
ac_cv_env_LDFLAGS_value=
ac_cv_env_LIBS_set=
ac_cv_env_LIBS_value=
ac_cv_env_build_alias_set=
ac_cv_env_build_alias_value=
ac_cv_env_host_alias_set=
ac_cv_env_host_alias_value=
ac_cv_env_target_alias_set=
ac_cv_env_target_alias_value=
ac_cv_func_memcmp_working=yes
ac_cv_func_strcspn=yes
ac_cv_func_strerror=yes
ac_cv_func_strspn=yes
ac_cv_func_strstr=yes
ac_cv_header_inttypes_h=yes
ac_cv_header_limits_h=yes
ac_cv_header_memory_h=yes
ac_cv_header_stdc=yes
ac_cv_header_stdint_h=yes
ac_cv_header_stdlib_h=yes
ac_cv_header_string_h=yes
ac_cv_header_strings_h=yes
ac_cv_header_sys_stat_h=yes
ac_cv_header_sys_time_h=yes
ac_cv_header_sys_types_h=yes
ac_cv_header_unistd_h=yes
ac_cv_objext=o
ac_cv_path_EGREP='/bin/grep -E'
ac_cv_path_GREP=/bin/grep
ac_cv_path_install='/usr/bin/install -c'
ac_cv_prog_CPP='gcc -E'
ac_cv_prog_ac_ct_CC=gcc
ac_cv_prog_cc_c89=
ac_cv_prog_cc_g=yes
ac_cv_prog_make_make_set=yes
ac_cv_type_uid_t=yes

## ----------------- ##
## Output variables. ##
## ----------------- ##

ACLOCAL='aclocal'
AUTOCONF='autoconf'
AUTOHEADER='autoheader'
AUTOMAKE='automake'
CC='gcc'
CFLAGS='-g -O2'
CPP='gcc -E'
CPPFLAGS=''
DEFS='-DHAVE_CONFIG_H'
ECHO_C=''
ECHO_N='-n'
ECHO_T=''
EGREP='/bin/grep -E'
EXEEXT=''
GREP='/bin/grep'
INSTALL_DATA='${INSTALL} -m 644'
INSTALL_PROGRAM='${INSTALL}'
INSTALL_SCRIPT='${INSTALL}'
LDFLAGS=''
LIBOBJS=''
LIBS=''
LTLIBOBJS=''
MAKEINFO='makeinfo'
OBJEXT='o'
PACKAGE='espresso-ab'
PACKAGE_BUGREPORT=''
PACKAGE_NAME=''
PACKAGE_STRING=''
PACKAGE_TARNAME=''
PACKAGE_URL=''
PACKAGE_VERSION=''
PATH_SEPARATOR=':'
SET_MAKE=''
SHELL='/bin/bash'
VERSION='1.0'
ac_ct_CC='gcc'
bindir='${exec_prefix}/bin'
build_alias=''
datadir='${datarootdir}'
datarootdir='${prefix}/share'
docdir='${datarootdir}/doc/${PACKAGE}'
dvidir='${docdir}'
exec_prefix='${prefix}'
host_alias=''
htmldir='${docdir}'
includedir='${prefix}/include'
infodir='${datarootdir}/info'
libdir='${exec_prefix}/lib'
libexecdir='${exec_prefix}/libexec'
localedir='${datarootdir}/locale'
localstatedir='${prefix}/var'
mandir='${datarootdir}/man'
oldincludedir='/usr/include'
pdfdir='${docdir}'
prefix='/usr/local'
program_transform_name='s,x,x,'
psdir='${docdir}'
sbindir='${exec_prefix}/sbin'
sharedstatedir='${prefix}/com'
sysconfdir='${prefix}/etc'
target_alias=''

## ----------- ##
## confdefs.h. ##
## ----------- ##

/* confdefs.h */
#define PACKAGE_NAME ""
#define PACKAGE_TARNAME ""
#define PACKAGE_VERSION ""
#define PACKAGE_STRING ""
#define PACKAGE_BUGREPORT ""
#define PACKAGE_URL ""
#define PACKAGE "espresso-ab"
#define VERSION "1.0"
#define STDC_HEADERS 1
#define HAVE_SYS_TYPES_H 1
#define HAVE_SYS_STAT_H 1
#define HAVE_STDLIB_H 1
#define HAVE_STRING_H 1
#define HAVE_MEMORY_H 1
#define HAVE_STRINGS_H 1
#define HAVE_INTTYPES_H 1
#define HAVE_STDINT_H 1
#define HAVE_UNISTD_H 1
#define HAVE_LIMITS_H 1
#define HAVE_SYS_TIME_H 1
#define HAVE_UNISTD_H 1
#define HAVE_STRCSPN 1
#define HAVE_STRERROR 1
#define HAVE_STRSPN 1
#define HAVE_STRSTR 1

configure: exit 0

## ---------------------- ##
## Running config.status. ##
## ---------------------- ##

This file was extended by config.status, which was
generated by GNU Autoconf 2.69.  Invocation command line was

  CONFIG_FILES    = Makefile
  CONFIG_HEADERS  = 
  CONFIG_LINKS    = 
  CONFIG_COMMANDS = 
  $ ./config.status 

on pacific

config.status:: creating Makefile
config.status:: WARNING:  'Makefile.in' seems to ignore the --datarootdir setting
config.status:: executing default-1 commands

## ---------------------- ##
## Running config.status. ##
## ---------------------- ##

This file was extended by config.status, which was
generated by GNU Autoconf 2.69.  Invocation command line was

  CONFIG_FILES    = src/Makefile
  CONFIG_HEADERS  = 
  CONFIG_LINKS    = 
  CONFIG_COMMANDS = 
  $ ./config.status 

on pacific

config.status:: creating src/Makefile
config.status:: WARNING:  'src/Makefile.in' seems to ignore the --datarootdir setting
config.status:: executing default-1 commands
